Watching for file changes with StatReloader
Forbidden: /
[03/May/2023 11:40:59] "GET / HTTP/1.1" 403 4956
[03/May/2023 11:41:00] "GET /static/rest_framework/css/bootstrap.min.css HTTP/1.1" 304 0
[03/May/2023 11:41:00] "GET /static/rest_framework/css/bootstrap-tweaks.css HTTP/1.1" 304 0
[03/May/2023 11:41:00] "GET /static/rest_framework/css/prettify.css HTTP/1.1" 304 0
[03/May/2023 11:41:00] "GET /static/rest_framework/css/default.css HTTP/1.1" 304 0
[03/May/2023 11:41:00] "GET /static/rest_framework/js/jquery-3.5.1.min.js HTTP/1.1" 304 0
[03/May/2023 11:41:00] "GET /static/rest_framework/js/ajax-form.js HTTP/1.1" 304 0
[03/May/2023 11:41:00] "GET /static/rest_framework/js/prettify-min.js HTTP/1.1" 304 0
[03/May/2023 11:41:00] "GET /static/rest_framework/js/default.js HTTP/1.1" 304 0
[03/May/2023 11:41:00] "GET /static/rest_framework/js/bootstrap.min.js HTTP/1.1" 304 0
[03/May/2023 11:41:00] "GET /static/rest_framework/js/csrf.js HTTP/1.1" 304 0
[03/May/2023 11:41:00] "GET /static/rest_framework/img/grid.png HTTP/1.1" 304 0
Not Found: /favicon.ico
[03/May/2023 11:41:00] "GET /favicon.ico HTTP/1.1" 404 9834
[03/May/2023 11:41:45] "OPTIONS /api-user-login/ HTTP/1.1" 200 0
Bad Request: /api-user-login/
[03/May/2023 11:41:45] "POST /api-user-login/ HTTP/1.1" 400 86
Bad Request: /api-user-login/
[03/May/2023 11:42:14] "POST /api-user-login/ HTTP/1.1" 400 86
Bad Request: /api-user-login/
[03/May/2023 11:43:15] "POST /api-user-login/ HTTP/1.1" 400 86
Bad Request: /api-user-login/
[03/May/2023 11:43:37] "POST /api-user-login/ HTTP/1.1" 400 86
Bad Request: /api-user-login/
[03/May/2023 11:44:30] "POST /api-user-login/ HTTP/1.1" 400 86
Bad Request: /api-user-login/
[03/May/2023 11:45:46] "POST /api-user-login/ HTTP/1.1" 400 86
Bad Request: /api-user-login/
[03/May/2023 11:46:53] "POST /api-user-login/ HTTP/1.1" 400 86
Bad Request: /api-user-login/
[03/May/2023 11:47:08] "POST /api-user-login/ HTTP/1.1" 400 86
Bad Request: /api-user-login/
[03/May/2023 11:49:06] "POST /api-user-login/ HTTP/1.1" 400 86
Bad Request: /api-user-login/
[03/May/2023 11:52:15] "POST /api-user-login/ HTTP/1.1" 400 86
[03/May/2023 11:54:41] "POST /api-user-login/ HTTP/1.1" 200 78
[03/May/2023 11:54:41] "OPTIONS /patinete/?idUsuario=1 HTTP/1.1" 200 0
[03/May/2023 11:54:41] "OPTIONS /conexion/?idUsuario=1 HTTP/1.1" 200 0
[03/May/2023 11:54:41] "OPTIONS /usuario/1/ HTTP/1.1" 200 0
[03/May/2023 11:54:41] "GET /conexion/?idUsuario=1 HTTP/1.1" 200 2
[03/May/2023 11:54:41] "GET /usuario/1/ HTTP/1.1" 200 260
[03/May/2023 11:54:41] "GET /patinete/?idUsuario=1 HTTP/1.1" 200 2
[03/May/2023 11:54:46] "POST /api-user-login/ HTTP/1.1" 200 79
[03/May/2023 11:54:46] "OPTIONS /usuario/2/ HTTP/1.1" 200 0
[03/May/2023 11:54:46] "OPTIONS /patinete/?idUsuario=2 HTTP/1.1" 200 0
[03/May/2023 11:54:46] "OPTIONS /conexion/?idUsuario=2 HTTP/1.1" 200 0
[03/May/2023 11:54:46] "GET /usuario/2/ HTTP/1.1" 200 263
[03/May/2023 11:54:46] "GET /conexion/?idUsuario=2 HTTP/1.1" 200 352
[03/May/2023 11:54:46] "GET /patinete/?idUsuario=2 HTTP/1.1" 200 148
[03/May/2023 11:54:46] "OPTIONS /estacion HTTP/1.1" 200 0
[03/May/2023 11:54:47] "OPTIONS /estacion/ HTTP/1.1" 200 0
[03/May/2023 11:54:47] "GET /estacion/ HTTP/1.1" 200 638
[03/May/2023 11:54:48] "OPTIONS /puesto/?idEstacion=1 HTTP/1.1" 200 0
[03/May/2023 11:54:48] "GET /puesto/?idEstacion=1 HTTP/1.1" 200 1400
[03/May/2023 11:55:06] "OPTIONS /registro/ HTTP/1.1" 200 0
Bad Request: /registro/
[03/May/2023 11:55:06] "POST /registro/ HTTP/1.1" 400 105
Bad Request: /api-user-login/
[03/May/2023 11:58:43] "POST /api-user-login/ HTTP/1.1" 400 86
Bad Request: /registro/
[03/May/2023 12:00:22] "POST /registro/ HTTP/1.1" 400 105
Bad Request: /registro/
[03/May/2023 12:00:47] "POST /registro/ HTTP/1.1" 400 53
Bad Request: /registro/
[03/May/2023 12:00:49] "POST /registro/ HTTP/1.1" 400 123
Bad Request: /registro/
[03/May/2023 12:01:27] "POST /registro/ HTTP/1.1" 400 71
Bad Request: /registro/
[03/May/2023 12:02:40] "POST /registro/ HTTP/1.1" 400 71
Bad Request: /registro/
[03/May/2023 12:03:02] "POST /registro/ HTTP/1.1" 400 71
Bad Request: /registro/
[03/May/2023 12:03:23] "POST /registro/ HTTP/1.1" 400 124
Bad Request: /registro/
[03/May/2023 12:04:15] "POST /registro/ HTTP/1.1" 400 71
Bad Request: /registro/
[03/May/2023 12:06:59] "POST /registro/ HTTP/1.1" 400 71
Bad Request: /registro/
[03/May/2023 12:13:44] "POST /registro/ HTTP/1.1" 400 71
Bad Request: /registro/
[03/May/2023 12:14:14] "POST /registro/ HTTP/1.1" 400 71
Bad Request: /registro/
[03/May/2023 12:14:34] "POST /registro/ HTTP/1.1" 400 71
Bad Request: /registro/
[03/May/2023 12:14:43] "POST /registro/ HTTP/1.1" 400 71
Bad Request: /registro/
[03/May/2023 12:14:51] "POST /registro/ HTTP/1.1" 400 124
Bad Request: /registro/
[03/May/2023 12:51:10] "POST /registro/ HTTP/1.1" 400 71
Bad Request: /registro/
[03/May/2023 12:51:18] "POST /registro/ HTTP/1.1" 400 124
Bad Request: /registro/
[03/May/2023 12:59:54] "POST /registro/ HTTP/1.1" 400 71
Bad Request: /registro/
[03/May/2023 12:59:59] "POST /registro/ HTTP/1.1" 400 124
Bad Request: /registro/
[03/May/2023 13:02:29] "POST /registro/ HTTP/1.1" 400 71
Bad Request: /registro/
[03/May/2023 13:02:35] "POST /registro/ HTTP/1.1" 400 71
Bad Request: /registro/
[03/May/2023 13:02:50] "POST /registro/ HTTP/1.1" 400 71
Bad Request: /registro/
[03/May/2023 13:02:56] "POST /registro/ HTTP/1.1" 400 124
[03/May/2023 13:03:23] "POST /registro/ HTTP/1.1" 201 547
Forbidden: /
[03/May/2023 13:03:31] "GET / HTTP/1.1" 403 4956
Forbidden: /
[03/May/2023 13:03:31] "GET / HTTP/1.1" 403 4956
[03/May/2023 13:03:33] "GET /api-auth/login/?next=/ HTTP/1.1" 200 2713
[03/May/2023 13:03:35] "POST /api-auth/login/ HTTP/1.1" 302 0
[03/May/2023 13:03:35] "GET / HTTP/1.1" 200 6485
[03/May/2023 13:03:36] "GET /usuario/ HTTP/1.1" 200 11877
[03/May/2023 13:03:48] "POST /registro/ HTTP/1.1" 201 543
Bad Request: /registro/
[03/May/2023 13:03:57] "POST /registro/ HTTP/1.1" 400 54
[03/May/2023 13:05:18] "POST /registro/ HTTP/1.1" 201 545
[03/May/2023 13:05:18] "POST /api-user-login/ HTTP/1.1" 200 78
[03/May/2023 13:05:18] "OPTIONS /patinete/?idUsuario=5 HTTP/1.1" 200 0
[03/May/2023 13:05:18] "OPTIONS /conexion/?idUsuario=5 HTTP/1.1" 200 0
[03/May/2023 13:05:18] "OPTIONS /usuario/5/ HTTP/1.1" 200 0
[03/May/2023 13:05:18] "GET /usuario/5/ HTTP/1.1" 200 261
[03/May/2023 13:05:18] "GET /conexion/?idUsuario=5 HTTP/1.1" 200 2
[03/May/2023 13:05:18] "GET /patinete/?idUsuario=5 HTTP/1.1" 200 2
[03/May/2023 13:05:41] "GET / HTTP/1.1" 200 6485
[03/May/2023 13:05:44] "GET /usuario/ HTTP/1.1" 200 12994
[03/May/2023 13:06:23] "GET /patinete/?idUsuario=5 HTTP/1.1" 200 2
[03/May/2023 13:06:23] "GET /conexion/?idUsuario=5 HTTP/1.1" 200 2
[03/May/2023 13:06:23] "GET /usuario/5/ HTTP/1.1" 200 261
[03/May/2023 13:07:04] "GET /patinete/?idUsuario=5 HTTP/1.1" 200 2
[03/May/2023 13:07:04] "GET /conexion/?idUsuario=5 HTTP/1.1" 200 2
[03/May/2023 13:07:04] "GET /usuario/5/ HTTP/1.1" 200 261
[03/May/2023 13:08:06] "GET /patinete/?idUsuario=5 HTTP/1.1" 200 2
[03/May/2023 13:08:06] "GET /conexion/?idUsuario=5 HTTP/1.1" 200 2
[03/May/2023 13:08:06] "GET /usuario/5/ HTTP/1.1" 200 261
[03/May/2023 13:08:16] "GET /usuario/5/ HTTP/1.1" 200 261
[03/May/2023 13:08:16] "GET /usuario/5/ HTTP/1.1" 200 261
[03/May/2023 13:08:26] "OPTIONS /patinete/ HTTP/1.1" 200 0
[03/May/2023 13:08:26] "GET /patinete/?idUsuario=5 HTTP/1.1" 200 2
[03/May/2023 13:08:26] "POST /patinete/ HTTP/1.1" 201 145
[03/May/2023 13:08:26] "GET /conexion/?idUsuario=5 HTTP/1.1" 200 2
[03/May/2023 13:08:26] "GET /patinete/?idUsuario=5 HTTP/1.1" 200 147
[03/May/2023 13:08:26] "GET /usuario/5/ HTTP/1.1" 200 261
[03/May/2023 13:08:26] "GET /estacion/ HTTP/1.1" 200 638
[03/May/2023 13:08:28] "GET /puesto/?idEstacion=1 HTTP/1.1" 200 1400
[03/May/2023 13:09:08] "GET /patinete/?idUsuario=5 HTTP/1.1" 200 147
[03/May/2023 13:09:08] "GET /conexion/?idUsuario=5 HTTP/1.1" 200 2
[03/May/2023 13:09:08] "GET /usuario/5/ HTTP/1.1" 200 261
[03/May/2023 13:09:08] "GET /estacion/ HTTP/1.1" 200 638
[03/May/2023 13:09:09] "GET /puesto/?idEstacion=1 HTTP/1.1" 200 1400
[03/May/2023 13:09:13] "GET /patinete/?idUsuario=5 HTTP/1.1" 200 147
[03/May/2023 13:09:13] "GET /conexion/?idUsuario=5 HTTP/1.1" 200 2
[03/May/2023 13:09:13] "GET /usuario/5/ HTTP/1.1" 200 261
[03/May/2023 13:09:13] "GET /estacion/ HTTP/1.1" 200 638
[03/May/2023 13:16:31] "GET /puesto/?idEstacion=1 HTTP/1.1" 200 1400
[03/May/2023 13:16:59] "GET /patinete/?idUsuario=5 HTTP/1.1" 200 147
[03/May/2023 13:16:59] "GET /conexion/?idUsuario=5 HTTP/1.1" 200 2
[03/May/2023 13:16:59] "GET /usuario/5/ HTTP/1.1" 200 261
[03/May/2023 13:17:00] "GET /estacion/ HTTP/1.1" 200 638
[03/May/2023 13:17:28] "GET /conexion/?idUsuario=5 HTTP/1.1" 200 2
[03/May/2023 13:17:28] "GET /usuario/5/ HTTP/1.1" 200 261
[03/May/2023 13:17:28] "GET /patinete/?idUsuario=5 HTTP/1.1" 200 147
[03/May/2023 13:17:28] "GET /estacion/ HTTP/1.1" 200 638
[03/May/2023 13:17:34] "GET /puesto/?idEstacion=1 HTTP/1.1" 200 1400
[03/May/2023 13:18:12] "GET /patinete/?idUsuario=5 HTTP/1.1" 200 147
[03/May/2023 13:18:12] "GET /usuario/5/ HTTP/1.1" 200 261
[03/May/2023 13:18:12] "GET /conexion/?idUsuario=5 HTTP/1.1" 200 2
[03/May/2023 13:18:12] "GET /estacion/ HTTP/1.1" 200 638
[03/May/2023 13:18:14] "GET /puesto/?idEstacion=1 HTTP/1.1" 200 1400
[03/May/2023 13:18:34] "GET /patinete/?idUsuario=5 HTTP/1.1" 200 147
[03/May/2023 13:18:34] "GET /conexion/?idUsuario=5 HTTP/1.1" 200 2
[03/May/2023 13:18:34] "GET /usuario/5/ HTTP/1.1" 200 261
[03/May/2023 13:18:34] "GET /estacion/ HTTP/1.1" 200 638
[03/May/2023 13:19:17] "GET /patinete/?idUsuario=5 HTTP/1.1" 200 147
[03/May/2023 13:19:17] "GET /conexion/?idUsuario=5 HTTP/1.1" 200 2
[03/May/2023 13:19:17] "GET /usuario/5/ HTTP/1.1" 200 261
[03/May/2023 13:19:17] "GET /estacion/ HTTP/1.1" 200 638
[03/May/2023 13:19:28] "GET /patinete/?idUsuario=5 HTTP/1.1" 200 147
[03/May/2023 13:19:28] "GET /usuario/5/ HTTP/1.1" 200 261
[03/May/2023 13:19:28] "GET /conexion/?idUsuario=5 HTTP/1.1" 200 2
[03/May/2023 13:19:28] "GET /estacion/ HTTP/1.1" 200 638
[03/May/2023 13:19:30] "GET /conexion/?idUsuario=5 HTTP/1.1" 200 2
[03/May/2023 13:19:30] "GET /patinete/?idUsuario=5 HTTP/1.1" 200 147
[03/May/2023 13:19:30] "GET /usuario/5/ HTTP/1.1" 200 261
[03/May/2023 13:19:31] "GET /estacion/ HTTP/1.1" 200 638
[03/May/2023 13:19:35] "GET /usuario/5/ HTTP/1.1" 200 261
[03/May/2023 13:19:35] "GET /conexion/?idUsuario=5 HTTP/1.1" 200 2
[03/May/2023 13:19:35] "GET /patinete/?idUsuario=5 HTTP/1.1" 200 147
[03/May/2023 13:19:35] "GET /estacion/ HTTP/1.1" 200 638
[03/May/2023 13:20:27] "GET /puesto/?idEstacion=1 HTTP/1.1" 200 1400
[03/May/2023 13:20:29] "OPTIONS /puesto/?idEstacion=2 HTTP/1.1" 200 0
[03/May/2023 13:20:29] "GET /puesto/?idEstacion=2 HTTP/1.1" 200 1417
[03/May/2023 13:20:30] "OPTIONS /puesto/?idEstacion=3 HTTP/1.1" 200 0
[03/May/2023 13:20:30] "GET /puesto/?idEstacion=3 HTTP/1.1" 200 1417
[03/May/2023 13:20:31] "OPTIONS /puesto/?idEstacion=4 HTTP/1.1" 200 0
[03/May/2023 13:20:31] "GET /puesto/?idEstacion=4 HTTP/1.1" 200 1417
[03/May/2023 13:20:32] "GET /puesto/?idEstacion=1 HTTP/1.1" 200 1400
[03/May/2023 13:20:34] "GET /conexion/?idUsuario=5 HTTP/1.1" 200 2
[03/May/2023 13:21:28] "GET /puesto/?idEstacion=2 HTTP/1.1" 200 1417
[03/May/2023 13:21:30] "GET /puesto/?idEstacion=3 HTTP/1.1" 200 1417
[03/May/2023 13:21:32] "GET /puesto/?idEstacion=4 HTTP/1.1" 200 1417
[03/May/2023 13:21:38] "OPTIONS /conexion/?idUsuario=5&mes=5 HTTP/1.1" 200 0
[03/May/2023 13:21:38] "GET /usuario/5/ HTTP/1.1" 200 261
[03/May/2023 13:21:38] "GET /conexion/?idUsuario=5 HTTP/1.1" 200 2
[03/May/2023 13:21:38] "GET /conexion/?idUsuario=5&mes=5 HTTP/1.1" 200 2
[03/May/2023 13:21:38] "GET /usuario/5/ HTTP/1.1" 200 261
[03/May/2023 13:21:56] "GET /usuario/5/ HTTP/1.1" 200 261
[03/May/2023 13:21:56] "GET /conexion/?idUsuario=5&mes=5 HTTP/1.1" 200 2
[03/May/2023 13:21:56] "GET /conexion/?idUsuario=5 HTTP/1.1" 200 2
[03/May/2023 13:21:56] "GET /usuario/5/ HTTP/1.1" 200 261
[03/May/2023 13:23:05] "GET /conexion/?idUsuario=5 HTTP/1.1" 200 2
[03/May/2023 13:23:05] "GET /usuario/5/ HTTP/1.1" 200 261
[03/May/2023 13:23:05] "GET /conexion/?idUsuario=5&mes=5 HTTP/1.1" 200 2
[03/May/2023 13:23:05] "GET /usuario/5/ HTTP/1.1" 200 261
[03/May/2023 13:23:10] "GET /conexion/?idUsuario=5&mes=5 HTTP/1.1" 200 2
[03/May/2023 13:23:10] "GET /conexion/?idUsuario=5 HTTP/1.1" 200 2
[03/May/2023 13:23:10] "GET /usuario/5/ HTTP/1.1" 200 261
[03/May/2023 13:23:10] "GET /usuario/5/ HTTP/1.1" 200 261
[03/May/2023 13:23:15] "GET /usuario/5/ HTTP/1.1" 200 261
[03/May/2023 13:23:15] "GET /conexion/?idUsuario=5 HTTP/1.1" 200 2
[03/May/2023 13:23:15] "GET /conexion/?idUsuario=5&mes=5 HTTP/1.1" 200 2
[03/May/2023 13:23:15] "GET /usuario/5/ HTTP/1.1" 200 261
[03/May/2023 13:23:35] "GET /conexion/?idUsuario=5 HTTP/1.1" 200 2
[03/May/2023 13:23:35] "GET /conexion/?idUsuario=5&mes=5 HTTP/1.1" 200 2
[03/May/2023 13:23:35] "GET /usuario/5/ HTTP/1.1" 200 261
[03/May/2023 13:23:35] "GET /usuario/5/ HTTP/1.1" 200 261
[03/May/2023 13:24:20] "GET /usuario/5/ HTTP/1.1" 200 261
[03/May/2023 13:24:20] "GET /conexion/?idUsuario=5 HTTP/1.1" 200 2
[03/May/2023 13:24:20] "GET /conexion/?idUsuario=5&mes=5 HTTP/1.1" 200 2
[03/May/2023 13:24:20] "GET /usuario/5/ HTTP/1.1" 200 261
[03/May/2023 13:28:38] "GET /conexion/?idUsuario=5 HTTP/1.1" 200 2
[03/May/2023 13:28:38] "GET /usuario/5/ HTTP/1.1" 200 261
[03/May/2023 13:28:38] "GET /conexion/?idUsuario=5&mes=5 HTTP/1.1" 200 2
[03/May/2023 13:28:38] "GET /usuario/5/ HTTP/1.1" 200 261
[03/May/2023 13:49:30] "GET /conexion/?idUsuario=5 HTTP/1.1" 200 2
[03/May/2023 13:49:30] "GET /patinete/?idUsuario=5 HTTP/1.1" 200 147
[03/May/2023 13:49:30] "GET /usuario/5/ HTTP/1.1" 200 261
[03/May/2023 13:49:30] "GET /estacion/ HTTP/1.1" 200 638
[03/May/2023 13:49:35] "GET /conexion/?idUsuario=5 HTTP/1.1" 200 2
[03/May/2023 13:49:35] "GET /patinete/?idUsuario=5 HTTP/1.1" 200 147
[03/May/2023 13:49:35] "GET /usuario/5/ HTTP/1.1" 200 261
[03/May/2023 13:49:35] "GET /estacion/ HTTP/1.1" 200 638
[03/May/2023 13:51:57] "GET /patinete/?idUsuario=5 HTTP/1.1" 200 147
[03/May/2023 13:51:57] "GET /usuario/5/ HTTP/1.1" 200 261
[03/May/2023 13:51:57] "GET /conexion/?idUsuario=5 HTTP/1.1" 200 2
[03/May/2023 13:51:57] "GET /estacion/ HTTP/1.1" 200 638
[03/May/2023 13:52:16] "GET /patinete/?idUsuario=5 HTTP/1.1" 200 147
[03/May/2023 13:52:16] "GET /usuario/5/ HTTP/1.1" 200 261
[03/May/2023 13:52:16] "GET /conexion/?idUsuario=5 HTTP/1.1" 200 2
[03/May/2023 13:52:16] "GET /estacion/ HTTP/1.1" 200 638
[03/May/2023 13:52:27] "GET /usuario/5/ HTTP/1.1" 200 261
[03/May/2023 13:52:27] "GET /patinete/?idUsuario=5 HTTP/1.1" 200 147
[03/May/2023 13:52:27] "GET /conexion/?idUsuario=5 HTTP/1.1" 200 2
[03/May/2023 13:52:27] "GET /estacion/ HTTP/1.1" 200 638
[03/May/2023 13:52:43] "GET /conexion/?idUsuario=5 HTTP/1.1" 200 2
[03/May/2023 13:52:43] "GET /patinete/?idUsuario=5 HTTP/1.1" 200 147
[03/May/2023 13:52:43] "GET /usuario/5/ HTTP/1.1" 200 261
[03/May/2023 13:52:43] "GET /estacion/ HTTP/1.1" 200 638
[03/May/2023 13:52:54] "GET /usuario/5/ HTTP/1.1" 200 261
[03/May/2023 13:52:54] "GET /conexion/?idUsuario=5 HTTP/1.1" 200 2
[03/May/2023 13:52:54] "GET /patinete/?idUsuario=5 HTTP/1.1" 200 147
[03/May/2023 13:52:54] "GET /estacion/ HTTP/1.1" 200 638
[03/May/2023 13:53:21] "GET /patinete/?idUsuario=5 HTTP/1.1" 200 147
[03/May/2023 13:53:21] "GET /conexion/?idUsuario=5 HTTP/1.1" 200 2
[03/May/2023 13:53:21] "GET /usuario/5/ HTTP/1.1" 200 261
[03/May/2023 13:53:21] "GET /estacion/ HTTP/1.1" 200 638
[03/May/2023 13:53:36] "GET /patinete/?idUsuario=5 HTTP/1.1" 200 147
[03/May/2023 13:53:36] "GET /conexion/?idUsuario=5 HTTP/1.1" 200 2
[03/May/2023 13:53:36] "GET /usuario/5/ HTTP/1.1" 200 261
[03/May/2023 13:53:36] "GET /estacion/ HTTP/1.1" 200 638
[03/May/2023 14:05:13] "OPTIONS /puesto/?idEstacion=1 HTTP/1.1" 200 0
[03/May/2023 14:05:13] "GET /puesto/?idEstacion=1 HTTP/1.1" 200 1400
[03/May/2023 14:15:51] "GET /conexion/?idUsuario=5 HTTP/1.1" 200 2
[03/May/2023 14:16:03] "GET /conexion/?idUsuario=5 HTTP/1.1" 200 2
[03/May/2023 14:16:55] "GET /patinete/?idUsuario=5 HTTP/1.1" 200 147
[03/May/2023 14:16:55] "GET /conexion/?idUsuario=5 HTTP/1.1" 200 2
[03/May/2023 14:16:55] "GET /usuario/5/ HTTP/1.1" 200 261
[03/May/2023 14:16:55] "OPTIONS /estacion HTTP/1.1" 200 0
[03/May/2023 14:16:55] "OPTIONS /estacion/ HTTP/1.1" 200 0
[03/May/2023 14:16:55] "GET /estacion/ HTTP/1.1" 200 638
[03/May/2023 14:16:57] "GET /puesto/?idEstacion=1 HTTP/1.1" 200 1400
[03/May/2023 14:16:59] "GET /conexion/?idUsuario=5 HTTP/1.1" 200 2
[03/May/2023 14:17:33] "GET /conexion/?idUsuario=5 HTTP/1.1" 200 2
[03/May/2023 14:17:33] "GET /usuario/5/ HTTP/1.1" 200 261
[03/May/2023 14:17:33] "GET /patinete/?idUsuario=5 HTTP/1.1" 200 147
[03/May/2023 14:17:33] "GET /estacion/ HTTP/1.1" 200 638
[03/May/2023 14:17:34] "GET /puesto/?idEstacion=1 HTTP/1.1" 200 1400
[03/May/2023 14:17:36] "GET /conexion/?idUsuario=5 HTTP/1.1" 200 2
[03/May/2023 14:17:39] "GET /conexion/?idUsuario=5 HTTP/1.1" 200 2
[03/May/2023 14:17:48] "GET /patinete/?idUsuario=5 HTTP/1.1" 200 147
[03/May/2023 14:17:48] "GET /conexion/?idUsuario=5 HTTP/1.1" 200 2
[03/May/2023 14:17:48] "GET /usuario/5/ HTTP/1.1" 200 261
[03/May/2023 14:17:48] "GET /estacion/ HTTP/1.1" 200 638
[03/May/2023 14:17:49] "GET /puesto/?idEstacion=1 HTTP/1.1" 200 1400
[03/May/2023 14:17:50] "GET /conexion/?idUsuario=5 HTTP/1.1" 200 2
[03/May/2023 14:18:26] "OPTIONS /api-user-login/ HTTP/1.1" 200 0
Bad Request: /api-user-login/
[03/May/2023 14:18:26] "POST /api-user-login/ HTTP/1.1" 400 86
[03/May/2023 14:18:30] "POST /api-user-login/ HTTP/1.1" 200 78
[03/May/2023 14:18:30] "OPTIONS /patinete/?idUsuario=1 HTTP/1.1" 200 0
[03/May/2023 14:18:30] "OPTIONS /conexion/?idUsuario=1 HTTP/1.1" 200 0
[03/May/2023 14:18:30] "OPTIONS /usuario/1/ HTTP/1.1" 200 0
[03/May/2023 14:18:30] "GET /conexion/?idUsuario=1 HTTP/1.1" 200 2
[03/May/2023 14:18:30] "GET /usuario/1/ HTTP/1.1" 200 260
[03/May/2023 14:18:30] "GET /patinete/?idUsuario=1 HTTP/1.1" 200 2
[03/May/2023 14:18:31] "GET /usuario/1/ HTTP/1.1" 200 260
[03/May/2023 14:18:31] "GET /usuario/1/ HTTP/1.1" 200 260
[03/May/2023 14:18:32] "GET /patinete/?idUsuario=1 HTTP/1.1" 200 2
[03/May/2023 14:18:32] "GET /conexion/?idUsuario=1 HTTP/1.1" 200 2
[03/May/2023 14:18:32] "GET /usuario/1/ HTTP/1.1" 200 260
[03/May/2023 14:18:34] "GET /usuario/1/ HTTP/1.1" 200 260
[03/May/2023 14:18:34] "GET /usuario/1/ HTTP/1.1" 200 260
[03/May/2023 14:18:44] "GET /patinete/?idUsuario=1 HTTP/1.1" 200 2
[03/May/2023 14:18:44] "POST /patinete/ HTTP/1.1" 201 149
[03/May/2023 14:18:44] "GET /conexion/?idUsuario=1 HTTP/1.1" 200 2
[03/May/2023 14:18:44] "GET /usuario/1/ HTTP/1.1" 200 260
[03/May/2023 14:18:44] "GET /patinete/?idUsuario=1 HTTP/1.1" 200 151
[03/May/2023 14:18:44] "GET /estacion/ HTTP/1.1" 200 638
[03/May/2023 14:18:46] "GET /puesto/?idEstacion=1 HTTP/1.1" 200 1400
[03/May/2023 14:18:47] "GET /conexion/?idUsuario=1 HTTP/1.1" 200 2
[03/May/2023 14:18:49] "OPTIONS /crear-pago/ HTTP/1.1" 200 0
Internal Server Error: /crear-pago/
Traceback (most recent call last):
  File "/home/martinez/proyecto_final/venv/Scootergy/lib/python3.8/site-packages/django/core/handlers/exception.py", line 56, in inner
    response = get_response(request)
  File "/home/martinez/proyecto_final/venv/Scootergy/lib/python3.8/site-packages/django/core/handlers/base.py", line 197, in _get_response
    response = wrapped_callback(request, *callback_args, **callback_kwargs)
  File "/home/martinez/proyecto_final/venv/Scootergy/lib/python3.8/site-packages/django/views/decorators/csrf.py", line 55, in wrapped_view
    return view_func(*args, **kwargs)
  File "/home/martinez/proyecto_final/venv/Scootergy/lib/python3.8/site-packages/django/views/generic/base.py", line 103, in view
    return self.dispatch(request, *args, **kwargs)
  File "/home/martinez/proyecto_final/venv/Scootergy/lib/python3.8/site-packages/rest_framework/views.py", line 509, in dispatch
    response = self.handle_exception(exc)
  File "/home/martinez/proyecto_final/venv/Scootergy/lib/python3.8/site-packages/rest_framework/views.py", line 469, in handle_exception
    self.raise_uncaught_exception(exc)
  File "/home/martinez/proyecto_final/venv/Scootergy/lib/python3.8/site-packages/rest_framework/views.py", line 480, in raise_uncaught_exception
    raise exc
  File "/home/martinez/proyecto_final/venv/Scootergy/lib/python3.8/site-packages/rest_framework/views.py", line 506, in dispatch
    response = handler(request, *args, **kwargs)
  File "/home/martinez/proyecto_final/2223-proyecto-integrado-daw-DarkUsagi13/Scootergy_backend/main/views.py", line 123, in post
    conexion = request.data['conexion']
KeyError: 'conexion'
[03/May/2023 14:18:49] "POST /crear-pago/ HTTP/1.1" 500 89433
[03/May/2023 14:19:09] "GET /puesto/?idEstacion=2 HTTP/1.1" 200 1417
[03/May/2023 14:19:10] "GET /puesto/?idEstacion=3 HTTP/1.1" 200 1417
[03/May/2023 14:19:12] "GET /puesto/?idEstacion=4 HTTP/1.1" 200 1417
[03/May/2023 14:19:12] "GET /puesto/?idEstacion=1 HTTP/1.1" 200 1400
[03/May/2023 14:22:51] "GET /usuario/1/ HTTP/1.1" 200 260
[03/May/2023 14:22:51] "GET /patinete/?idUsuario=1 HTTP/1.1" 200 151
[03/May/2023 14:22:51] "GET /conexion/?idUsuario=1 HTTP/1.1" 200 2
[03/May/2023 14:22:51] "GET /estacion/ HTTP/1.1" 200 638
[03/May/2023 14:23:22] "GET /patinete/?idUsuario=1 HTTP/1.1" 200 151
[03/May/2023 14:23:22] "GET /conexion/?idUsuario=1 HTTP/1.1" 200 2
[03/May/2023 14:23:22] "GET /usuario/1/ HTTP/1.1" 200 260
[03/May/2023 14:23:22] "GET /estacion/ HTTP/1.1" 200 638
[03/May/2023 14:23:26] "GET /puesto/?idEstacion=1 HTTP/1.1" 200 1400
[03/May/2023 14:24:05] "GET /conexion/?idUsuario=1 HTTP/1.1" 200 2
[03/May/2023 14:24:05] "GET /patinete/?idUsuario=1 HTTP/1.1" 200 151
[03/May/2023 14:24:05] "GET /usuario/1/ HTTP/1.1" 200 260
[03/May/2023 14:24:05] "GET /estacion/ HTTP/1.1" 200 638
[03/May/2023 14:24:10] "GET /puesto/?idEstacion=1 HTTP/1.1" 200 1400
[03/May/2023 14:24:10] "OPTIONS /conexion/?idUsuario=1&mes=5 HTTP/1.1" 200 0
[03/May/2023 14:24:10] "GET /usuario/1/ HTTP/1.1" 200 260
[03/May/2023 14:24:11] "GET /usuario/1/ HTTP/1.1" 200 260
[03/May/2023 14:24:11] "GET /conexion/?idUsuario=1 HTTP/1.1" 200 2
[03/May/2023 14:24:11] "GET /conexion/?idUsuario=1&mes=5 HTTP/1.1" 200 2
[03/May/2023 14:24:13] "GET /patinete/?idUsuario=1 HTTP/1.1" 200 151
[03/May/2023 14:24:13] "GET /usuario/1/ HTTP/1.1" 200 260
[03/May/2023 14:24:13] "GET /conexion/?idUsuario=1 HTTP/1.1" 200 2
[03/May/2023 14:24:13] "GET /estacion/ HTTP/1.1" 200 638
[03/May/2023 14:24:15] "GET /puesto/?idEstacion=1 HTTP/1.1" 200 1400
[03/May/2023 14:24:27] "GET /patinete/?idUsuario=1 HTTP/1.1" 200 151
[03/May/2023 14:24:27] "GET /conexion/?idUsuario=1 HTTP/1.1" 200 2
[03/May/2023 14:24:27] "GET /usuario/1/ HTTP/1.1" 200 260
[03/May/2023 14:24:27] "GET /estacion/ HTTP/1.1" 200 638
[03/May/2023 14:24:29] "GET /puesto/?idEstacion=1 HTTP/1.1" 200 1400
[03/May/2023 14:24:51] "GET /conexion/?idUsuario=1 HTTP/1.1" 200 2
[03/May/2023 14:24:51] "GET /usuario/1/ HTTP/1.1" 200 260
[03/May/2023 14:24:51] "GET /patinete/?idUsuario=1 HTTP/1.1" 200 151
[03/May/2023 14:24:51] "GET /estacion/ HTTP/1.1" 200 638
[03/May/2023 14:24:53] "GET /puesto/?idEstacion=1 HTTP/1.1" 200 1400
[03/May/2023 14:34:48] "GET /conexion/?idUsuario=1 HTTP/1.1" 200 2
[03/May/2023 14:34:48] "GET /patinete/?idUsuario=1 HTTP/1.1" 200 151
[03/May/2023 14:34:48] "GET /usuario/1/ HTTP/1.1" 200 260
[03/May/2023 14:34:48] "GET /estacion/ HTTP/1.1" 200 638
[03/May/2023 14:34:50] "GET /puesto/?idEstacion=1 HTTP/1.1" 200 1400
[03/May/2023 14:35:30] "GET /conexion/?idUsuario=1 HTTP/1.1" 200 2
[03/May/2023 14:35:30] "GET /patinete/?idUsuario=1 HTTP/1.1" 200 151
[03/May/2023 14:35:30] "GET /usuario/1/ HTTP/1.1" 200 260
[03/May/2023 14:35:30] "GET /estacion/ HTTP/1.1" 200 638
[03/May/2023 14:35:36] "GET /usuario/1/ HTTP/1.1" 200 260
[03/May/2023 14:35:36] "GET /conexion/?idUsuario=1 HTTP/1.1" 200 2
[03/May/2023 14:35:36] "GET /patinete/?idUsuario=1 HTTP/1.1" 200 151
[03/May/2023 14:35:37] "GET /estacion/ HTTP/1.1" 200 638
[03/May/2023 14:35:38] "GET /puesto/?idEstacion=2 HTTP/1.1" 200 1417
[03/May/2023 14:37:08] "OPTIONS /registro/ HTTP/1.1" 200 0
Bad Request: /registro/
[03/May/2023 14:37:08] "POST /registro/ HTTP/1.1" 400 71
Bad Request: /registro/
[03/May/2023 14:37:14] "POST /registro/ HTTP/1.1" 400 71
[03/May/2023 14:37:17] "POST /registro/ HTTP/1.1" 201 540
[03/May/2023 14:37:17] "POST /api-user-login/ HTTP/1.1" 200 76
[03/May/2023 14:37:17] "OPTIONS /patinete/?idUsuario=6 HTTP/1.1" 200 0
[03/May/2023 14:37:17] "OPTIONS /conexion/?idUsuario=6 HTTP/1.1" 200 0
[03/May/2023 14:37:17] "OPTIONS /usuario/6/ HTTP/1.1" 200 0
[03/May/2023 14:37:17] "GET /usuario/6/ HTTP/1.1" 200 256
[03/May/2023 14:37:17] "GET /conexion/?idUsuario=6 HTTP/1.1" 200 2
[03/May/2023 14:37:17] "GET /patinete/?idUsuario=6 HTTP/1.1" 200 2
[03/May/2023 14:37:25] "POST /api-user-login/ HTTP/1.1" 200 79
[03/May/2023 14:37:25] "OPTIONS /conexion/?idUsuario=2 HTTP/1.1" 200 0
[03/May/2023 14:37:25] "OPTIONS /usuario/2/ HTTP/1.1" 200 0
[03/May/2023 14:37:25] "OPTIONS /patinete/?idUsuario=2 HTTP/1.1" 200 0
[03/May/2023 14:37:25] "GET /conexion/?idUsuario=2 HTTP/1.1" 200 352
[03/May/2023 14:37:25] "GET /usuario/2/ HTTP/1.1" 200 263
[03/May/2023 14:37:25] "GET /patinete/?idUsuario=2 HTTP/1.1" 200 148
[03/May/2023 14:37:25] "GET /estacion/ HTTP/1.1" 200 638
[03/May/2023 14:37:40] "GET /patinete/?idUsuario=2 HTTP/1.1" 200 148
[03/May/2023 14:37:40] "GET /usuario/2/ HTTP/1.1" 200 263
[03/May/2023 14:37:40] "GET /conexion/?idUsuario=2 HTTP/1.1" 200 352
[03/May/2023 14:37:40] "GET /estacion/ HTTP/1.1" 200 638
[03/May/2023 14:38:07] "GET /usuario/2/ HTTP/1.1" 200 263
[03/May/2023 14:38:07] "GET /patinete/?idUsuario=2 HTTP/1.1" 200 148
[03/May/2023 14:38:07] "GET /conexion/?idUsuario=2 HTTP/1.1" 200 352
[03/May/2023 14:38:07] "GET /estacion/ HTTP/1.1" 200 638
[03/May/2023 14:38:12] "GET /patinete/?idUsuario=2 HTTP/1.1" 200 148
[03/May/2023 14:38:12] "GET /usuario/2/ HTTP/1.1" 200 263
[03/May/2023 14:38:12] "GET /conexion/?idUsuario=2 HTTP/1.1" 200 352
[03/May/2023 14:38:12] "GET /estacion/ HTTP/1.1" 200 638
[03/May/2023 14:38:22] "GET /conexion/?idUsuario=2 HTTP/1.1" 200 352
[03/May/2023 14:38:22] "GET /patinete/?idUsuario=2 HTTP/1.1" 200 148
[03/May/2023 14:38:22] "GET /usuario/2/ HTTP/1.1" 200 263
[03/May/2023 14:38:22] "GET /estacion/ HTTP/1.1" 200 638
[03/May/2023 14:38:28] "GET /conexion/?idUsuario=2 HTTP/1.1" 200 352
[03/May/2023 14:38:28] "GET /patinete/?idUsuario=2 HTTP/1.1" 200 148
[03/May/2023 14:38:28] "GET /usuario/2/ HTTP/1.1" 200 263
[03/May/2023 14:38:28] "GET /estacion/ HTTP/1.1" 200 638
[03/May/2023 14:38:32] "GET /patinete/?idUsuario=2 HTTP/1.1" 200 148
[03/May/2023 14:38:32] "GET /usuario/2/ HTTP/1.1" 200 263
[03/May/2023 14:38:32] "GET /conexion/?idUsuario=2 HTTP/1.1" 200 352
[03/May/2023 14:38:32] "GET /estacion/ HTTP/1.1" 200 638
[03/May/2023 14:38:37] "GET /patinete/?idUsuario=2 HTTP/1.1" 200 148
[03/May/2023 14:38:37] "GET /conexion/?idUsuario=2 HTTP/1.1" 200 352
[03/May/2023 14:38:37] "GET /usuario/2/ HTTP/1.1" 200 263
[03/May/2023 14:38:37] "GET /estacion/ HTTP/1.1" 200 638
[03/May/2023 14:38:39] "GET /patinete/?idUsuario=2 HTTP/1.1" 200 148
[03/May/2023 14:38:39] "GET /conexion/?idUsuario=2 HTTP/1.1" 200 352
[03/May/2023 14:38:39] "GET /usuario/2/ HTTP/1.1" 200 263
[03/May/2023 14:38:39] "GET /estacion/ HTTP/1.1" 200 638
[03/May/2023 14:39:11] "GET /usuario/2/ HTTP/1.1" 200 263
[03/May/2023 14:39:11] "GET /patinete/?idUsuario=2 HTTP/1.1" 200 148
[03/May/2023 14:39:11] "GET /conexion/?idUsuario=2 HTTP/1.1" 200 352
[03/May/2023 14:39:11] "GET /estacion/ HTTP/1.1" 200 638
[03/May/2023 14:39:29] "GET /conexion/?idUsuario=2 HTTP/1.1" 200 352
[03/May/2023 14:39:29] "GET /patinete/?idUsuario=2 HTTP/1.1" 200 148
[03/May/2023 14:39:29] "GET /usuario/2/ HTTP/1.1" 200 263
[03/May/2023 14:39:29] "GET /estacion/ HTTP/1.1" 200 638
[03/May/2023 14:40:21] "GET /usuario/2/ HTTP/1.1" 200 263
[03/May/2023 14:40:21] "GET /conexion/?idUsuario=2 HTTP/1.1" 200 352
[03/May/2023 14:40:21] "GET /patinete/?idUsuario=2 HTTP/1.1" 200 148
[03/May/2023 14:40:21] "GET /estacion/ HTTP/1.1" 200 638
[03/May/2023 14:40:24] "OPTIONS /conexion/?idUsuario=2&mes=5 HTTP/1.1" 200 0
[03/May/2023 14:40:24] "GET /usuario/2/ HTTP/1.1" 200 263
[03/May/2023 14:40:24] "GET /conexion/?idUsuario=2 HTTP/1.1" 200 352
[03/May/2023 14:40:24] "GET /conexion/?idUsuario=2&mes=5 HTTP/1.1" 200 352
[03/May/2023 14:40:24] "GET /usuario/2/ HTTP/1.1" 200 263
[03/May/2023 14:40:25] "GET /patinete/?idUsuario=2 HTTP/1.1" 200 148
[03/May/2023 14:40:25] "GET /conexion/?idUsuario=2 HTTP/1.1" 200 352
[03/May/2023 14:40:25] "GET /usuario/2/ HTTP/1.1" 200 263
[03/May/2023 14:40:25] "GET /estacion/ HTTP/1.1" 200 638
[03/May/2023 14:41:51] "GET /usuario/2/ HTTP/1.1" 200 263
[03/May/2023 14:41:51] "GET /patinete/?idUsuario=2 HTTP/1.1" 200 148
[03/May/2023 14:41:51] "GET /conexion/?idUsuario=2 HTTP/1.1" 200 352
[03/May/2023 14:41:51] "GET /estacion/ HTTP/1.1" 200 638
[03/May/2023 14:41:57] "GET /patinete/?idUsuario=2 HTTP/1.1" 200 148
[03/May/2023 14:41:57] "GET /usuario/2/ HTTP/1.1" 200 263
[03/May/2023 14:41:57] "GET /conexion/?idUsuario=2 HTTP/1.1" 200 352
[03/May/2023 14:41:57] "GET /estacion/ HTTP/1.1" 200 638
[03/May/2023 14:42:10] "GET /usuario/2/ HTTP/1.1" 200 263
[03/May/2023 14:42:10] "GET /patinete/?idUsuario=2 HTTP/1.1" 200 148
[03/May/2023 14:42:10] "GET /conexion/?idUsuario=2 HTTP/1.1" 200 352
[03/May/2023 14:42:10] "GET /estacion/ HTTP/1.1" 200 638
[03/May/2023 14:42:30] "GET /usuario/2/ HTTP/1.1" 200 263
[03/May/2023 14:42:30] "GET /patinete/?idUsuario=2 HTTP/1.1" 200 148
[03/May/2023 14:42:30] "GET /conexion/?idUsuario=2 HTTP/1.1" 200 352
[03/May/2023 14:42:30] "GET /estacion/ HTTP/1.1" 200 638
[03/May/2023 14:43:05] "GET /usuario/2/ HTTP/1.1" 200 263
[03/May/2023 14:43:05] "GET /patinete/?idUsuario=2 HTTP/1.1" 200 148
[03/May/2023 14:43:05] "GET /conexion/?idUsuario=2 HTTP/1.1" 200 352
[03/May/2023 14:43:05] "GET /estacion/ HTTP/1.1" 200 638
[03/May/2023 14:43:20] "GET /conexion/?idUsuario=2 HTTP/1.1" 200 352
[03/May/2023 14:43:20] "GET /usuario/2/ HTTP/1.1" 200 263
[03/May/2023 14:43:20] "GET /patinete/?idUsuario=2 HTTP/1.1" 200 148
[03/May/2023 14:43:20] "GET /estacion/ HTTP/1.1" 200 638
[03/May/2023 14:43:28] "GET /patinete/?idUsuario=2 HTTP/1.1" 200 148
[03/May/2023 14:43:28] "GET /usuario/2/ HTTP/1.1" 200 263
[03/May/2023 14:43:28] "GET /conexion/?idUsuario=2 HTTP/1.1" 200 352
[03/May/2023 14:43:28] "GET /estacion/ HTTP/1.1" 200 638
Watching for file changes with StatReloader
[15/May/2023 09:31:42] "GET / HTTP/1.1" 200 6485
[15/May/2023 09:31:42] "GET /static/rest_framework/css/bootstrap.min.css HTTP/1.1" 304 0
[15/May/2023 09:31:42] "GET /static/rest_framework/css/default.css HTTP/1.1" 304 0
[15/May/2023 09:31:42] "GET /static/rest_framework/css/prettify.css HTTP/1.1" 304 0
[15/May/2023 09:31:42] "GET /static/rest_framework/css/bootstrap-tweaks.css HTTP/1.1" 304 0
[15/May/2023 09:31:42] "GET /static/rest_framework/js/jquery-3.5.1.min.js HTTP/1.1" 304 0
[15/May/2023 09:31:42] "GET /static/rest_framework/js/ajax-form.js HTTP/1.1" 304 0
[15/May/2023 09:31:42] "GET /static/rest_framework/js/csrf.js HTTP/1.1" 304 0
[15/May/2023 09:31:42] "GET /static/rest_framework/js/prettify-min.js HTTP/1.1" 304 0
[15/May/2023 09:31:42] "GET /static/rest_framework/js/default.js HTTP/1.1" 304 0
[15/May/2023 09:31:42] "GET /static/rest_framework/js/bootstrap.min.js HTTP/1.1" 304 0
[15/May/2023 09:31:42] "GET /static/rest_framework/img/grid.png HTTP/1.1" 304 0
Not Found: /favicon.ico
[15/May/2023 09:31:42] "GET /favicon.ico HTTP/1.1" 404 9834
[15/May/2023 09:41:21] "OPTIONS /patinete/?idUsuario=2 HTTP/1.1" 200 0
[15/May/2023 09:41:21] "OPTIONS /usuario/2/ HTTP/1.1" 200 0
[15/May/2023 09:41:21] "OPTIONS /conexion/?idUsuario=2 HTTP/1.1" 200 0
[15/May/2023 09:41:21] "GET /patinete/?idUsuario=2 HTTP/1.1" 200 292
[15/May/2023 09:41:21] "GET /usuario/2/ HTTP/1.1" 200 263
[15/May/2023 09:41:21] "GET /conexion/?idUsuario=2 HTTP/1.1" 200 3256
[15/May/2023 09:41:21] "OPTIONS /estacion HTTP/1.1" 200 0
[15/May/2023 09:41:21] "GET /estacion HTTP/1.1" 301 0
[15/May/2023 09:41:21] "OPTIONS /estacion/ HTTP/1.1" 200 0
[15/May/2023 09:41:21] "GET /estacion/ HTTP/1.1" 200 779
[15/May/2023 09:41:28] "OPTIONS /api-user-login/ HTTP/1.1" 200 0
[15/May/2023 09:41:28] "POST /api-user-login/ HTTP/1.1" 200 79
[15/May/2023 09:41:28] "GET /patinete/?idUsuario=2 HTTP/1.1" 200 292
[15/May/2023 09:41:28] "GET /usuario/2/ HTTP/1.1" 200 263
[15/May/2023 09:41:28] "GET /conexion/?idUsuario=2 HTTP/1.1" 200 3256
[15/May/2023 09:41:28] "GET /estacion/ HTTP/1.1" 200 779
[15/May/2023 09:42:41] "GET /patinete/?idUsuario=2 HTTP/1.1" 200 292
[15/May/2023 09:42:42] "GET /usuario/2/ HTTP/1.1" 200 263
[15/May/2023 09:42:42] "GET /conexion/?idUsuario=2 HTTP/1.1" 200 3256
[15/May/2023 09:42:42] "GET /estacion/ HTTP/1.1" 200 779
[15/May/2023 09:44:56] "OPTIONS /puesto/?idEstacion=1 HTTP/1.1" 200 0
[15/May/2023 09:44:56] "GET /puesto/?idEstacion=1 HTTP/1.1" 200 1405
[15/May/2023 09:48:35] "GET /patinete/?idUsuario=2 HTTP/1.1" 200 292
[15/May/2023 09:48:35] "GET /conexion/?idUsuario=2 HTTP/1.1" 200 3256
[15/May/2023 09:48:35] "GET /usuario/2/ HTTP/1.1" 200 263
[15/May/2023 09:48:35] "GET /estacion/ HTTP/1.1" 200 779
[15/May/2023 10:01:05] "GET /patinete/?idUsuario=2 HTTP/1.1" 200 292
[15/May/2023 10:01:05] "GET /usuario/2/ HTTP/1.1" 200 263
[15/May/2023 10:01:05] "GET /conexion/?idUsuario=2 HTTP/1.1" 200 3256
[15/May/2023 10:01:05] "GET /estacion/ HTTP/1.1" 200 779
[15/May/2023 10:01:16] "GET / HTTP/1.1" 200 6485
[15/May/2023 10:01:16] "GET /static/rest_framework/css/bootstrap-tweaks.css HTTP/1.1" 200 3385
[15/May/2023 10:01:16] "GET /static/rest_framework/css/default.css HTTP/1.1" 200 1152
[15/May/2023 10:01:16] "GET /static/rest_framework/css/bootstrap.min.css HTTP/1.1" 200 121457
[15/May/2023 10:01:16] "GET /static/rest_framework/css/prettify.css HTTP/1.1" 200 817
[15/May/2023 10:01:16] "GET /static/rest_framework/js/ajax-form.js HTTP/1.1" 200 3597
[15/May/2023 10:01:16] "GET /static/rest_framework/js/jquery-3.5.1.min.js HTTP/1.1" 200 89476
[15/May/2023 10:01:16] "GET /static/rest_framework/js/csrf.js HTTP/1.1" 200 1719
[15/May/2023 10:01:16] "GET /static/rest_framework/js/prettify-min.js HTTP/1.1" 200 13632
[15/May/2023 10:01:16] "GET /static/rest_framework/js/bootstrap.min.js HTTP/1.1" 200 39680
[15/May/2023 10:01:16] "GET /static/rest_framework/js/default.js HTTP/1.1" 200 1268
[15/May/2023 10:01:16] "GET /static/rest_framework/img/grid.png HTTP/1.1" 200 1458
[15/May/2023 10:05:20] "GET /usuario/2/ HTTP/1.1" 200 263
[15/May/2023 10:05:20] "GET /patinete/?idUsuario=2 HTTP/1.1" 200 292
[15/May/2023 10:05:20] "GET /conexion/?idUsuario=2 HTTP/1.1" 200 3256
[15/May/2023 10:05:20] "GET /estacion/ HTTP/1.1" 200 779
[15/May/2023 10:05:25] "GET /puesto/?idEstacion=1 HTTP/1.1" 200 1405
[15/May/2023 10:05:27] "GET /conexion/?idUsuario=2 HTTP/1.1" 200 3256
[15/May/2023 10:05:33] "GET /patinete/?idUsuario=2 HTTP/1.1" 200 292
[15/May/2023 10:05:33] "GET /usuario/2/ HTTP/1.1" 200 263
[15/May/2023 10:05:33] "GET /conexion/?idUsuario=2 HTTP/1.1" 200 3256
[15/May/2023 10:05:33] "GET /estacion/ HTTP/1.1" 200 779
[15/May/2023 10:05:58] "GET /patinete/?idUsuario=2 HTTP/1.1" 200 292
[15/May/2023 10:05:58] "GET /usuario/2/ HTTP/1.1" 200 263
[15/May/2023 10:05:58] "GET /conexion/?idUsuario=2 HTTP/1.1" 200 3256
[15/May/2023 10:05:58] "GET /estacion/ HTTP/1.1" 200 779
[15/May/2023 10:06:11] "GET /patinete/?idUsuario=2 HTTP/1.1" 200 292
[15/May/2023 10:06:11] "GET /usuario/2/ HTTP/1.1" 200 263
[15/May/2023 10:06:11] "GET /conexion/?idUsuario=2 HTTP/1.1" 200 3256
[15/May/2023 10:06:11] "GET /estacion/ HTTP/1.1" 200 779
[15/May/2023 10:06:15] "GET /puesto/?idEstacion=1 HTTP/1.1" 200 1405
[15/May/2023 10:06:17] "OPTIONS /conexion/?idUsuario=2&mes=5 HTTP/1.1" 200 0
[15/May/2023 10:06:17] "GET /usuario/2/ HTTP/1.1" 200 263
[15/May/2023 10:06:17] "GET /usuario/2/ HTTP/1.1" 200 263
[15/May/2023 10:06:17] "GET /conexion/?idUsuario=2&mes=5 HTTP/1.1" 200 3256
[15/May/2023 10:06:17] "GET /conexion/?idUsuario=2 HTTP/1.1" 200 3256
[15/May/2023 10:06:19] "GET /usuario/2/ HTTP/1.1" 200 263
[15/May/2023 10:06:19] "GET /patinete/?idUsuario=2 HTTP/1.1" 200 292
[15/May/2023 10:06:19] "GET /conexion/?idUsuario=2 HTTP/1.1" 200 3256
[15/May/2023 10:06:19] "GET /estacion/ HTTP/1.1" 200 779
[15/May/2023 10:06:20] "GET /usuario/2/ HTTP/1.1" 200 263
[15/May/2023 10:06:20] "GET /conexion/?idUsuario=2&mes=5 HTTP/1.1" 200 3256
[15/May/2023 10:06:20] "GET /usuario/2/ HTTP/1.1" 200 263
[15/May/2023 10:06:20] "GET /conexion/?idUsuario=2 HTTP/1.1" 200 3256
[15/May/2023 10:06:58] "GET /usuario/2/ HTTP/1.1" 200 263
[15/May/2023 10:06:58] "GET /usuario/2/ HTTP/1.1" 200 263
[15/May/2023 10:06:58] "GET /conexion/?idUsuario=2 HTTP/1.1" 200 3256
[15/May/2023 10:06:58] "GET /conexion/?idUsuario=2&mes=5 HTTP/1.1" 200 3256
[15/May/2023 10:07:00] "GET /usuario/2/ HTTP/1.1" 200 263
[15/May/2023 10:07:00] "GET /patinete/?idUsuario=2 HTTP/1.1" 200 292
[15/May/2023 10:07:00] "GET /conexion/?idUsuario=2 HTTP/1.1" 200 3256
[15/May/2023 10:07:00] "GET /estacion/ HTTP/1.1" 200 779
[15/May/2023 10:07:02] "GET /conexion/?idUsuario=2&mes=5 HTTP/1.1" 200 3256
[15/May/2023 10:07:02] "GET /usuario/2/ HTTP/1.1" 200 263
[15/May/2023 10:07:02] "GET /conexion/?idUsuario=2 HTTP/1.1" 200 3256
[15/May/2023 10:07:02] "GET /usuario/2/ HTTP/1.1" 200 263
[15/May/2023 10:07:03] "GET /patinete/?idUsuario=2 HTTP/1.1" 200 292
[15/May/2023 10:07:03] "GET /usuario/2/ HTTP/1.1" 200 263
[15/May/2023 10:07:03] "GET /conexion/?idUsuario=2 HTTP/1.1" 200 3256
[15/May/2023 10:07:03] "GET /estacion/ HTTP/1.1" 200 779
[15/May/2023 10:08:13] "GET /patinete/?idUsuario=2 HTTP/1.1" 200 292
[15/May/2023 10:08:13] "GET /usuario/2/ HTTP/1.1" 200 263
[15/May/2023 10:08:13] "GET /conexion/?idUsuario=2 HTTP/1.1" 200 3256
[15/May/2023 10:08:13] "GET /estacion/ HTTP/1.1" 200 779
[15/May/2023 10:08:14] "GET /puesto/?idEstacion=1 HTTP/1.1" 200 1405
[15/May/2023 10:08:17] "GET /conexion/?idUsuario=2 HTTP/1.1" 200 3256
[15/May/2023 10:08:18] "GET /conexion/?idUsuario=2 HTTP/1.1" 200 3256
[15/May/2023 10:08:19] "GET /conexion/?idUsuario=2 HTTP/1.1" 200 3256
[15/May/2023 10:08:22] "GET /conexion/?idUsuario=2 HTTP/1.1" 200 3256
[15/May/2023 10:08:31] "GET /patinete/?idUsuario=2 HTTP/1.1" 200 292
[15/May/2023 10:08:31] "GET /usuario/2/ HTTP/1.1" 200 263
[15/May/2023 10:08:31] "GET /conexion/?idUsuario=2 HTTP/1.1" 200 3256
[15/May/2023 10:08:31] "GET /estacion/ HTTP/1.1" 200 779
[15/May/2023 10:08:33] "GET /puesto/?idEstacion=1 HTTP/1.1" 200 1405
[15/May/2023 10:08:35] "GET /conexion/?idUsuario=2 HTTP/1.1" 200 3256
[15/May/2023 10:08:36] "GET /conexion/?idUsuario=2 HTTP/1.1" 200 3256
[15/May/2023 10:08:52] "GET /conexion/?idUsuario=2 HTTP/1.1" 200 3256
[15/May/2023 10:08:55] "GET /conexion/?idUsuario=2 HTTP/1.1" 200 3256
[15/May/2023 10:08:57] "GET /conexion/?idUsuario=2 HTTP/1.1" 200 3256
[15/May/2023 10:08:58] "GET /conexion/?idUsuario=2 HTTP/1.1" 200 3256
[15/May/2023 10:08:59] "GET /conexion/?idUsuario=2 HTTP/1.1" 200 3256
[15/May/2023 10:09:01] "GET /conexion/?idUsuario=2 HTTP/1.1" 200 3256
[15/May/2023 10:09:12] "GET /patinete/?idUsuario=2 HTTP/1.1" 200 292
[15/May/2023 10:09:12] "GET /usuario/2/ HTTP/1.1" 200 263
[15/May/2023 10:09:12] "GET /conexion/?idUsuario=2 HTTP/1.1" 200 3256
[15/May/2023 10:09:12] "GET /estacion/ HTTP/1.1" 200 779
[15/May/2023 10:10:49] "GET /patinete/?idUsuario=2 HTTP/1.1" 200 292
[15/May/2023 10:10:49] "GET /usuario/2/ HTTP/1.1" 200 263
[15/May/2023 10:10:49] "GET /conexion/?idUsuario=2 HTTP/1.1" 200 3256
[15/May/2023 10:10:49] "GET /estacion/ HTTP/1.1" 200 779
[15/May/2023 10:10:54] "GET /puesto/?idEstacion=1 HTTP/1.1" 200 1405
[15/May/2023 10:10:57] "GET /conexion/?idUsuario=2 HTTP/1.1" 200 3256
[15/May/2023 10:10:58] "GET /conexion/?idUsuario=2 HTTP/1.1" 200 3256
[15/May/2023 10:11:01] "GET /conexion/?idUsuario=2 HTTP/1.1" 200 3256
[15/May/2023 10:11:02] "GET /conexion/?idUsuario=2 HTTP/1.1" 200 3256
[15/May/2023 10:11:04] "GET /conexion/?idUsuario=2 HTTP/1.1" 200 3256
[15/May/2023 10:11:05] "GET /conexion/?idUsuario=2 HTTP/1.1" 200 3256
[15/May/2023 10:11:12] "GET /patinete/?idUsuario=2 HTTP/1.1" 200 292
[15/May/2023 10:11:12] "GET /usuario/2/ HTTP/1.1" 200 263
[15/May/2023 10:11:12] "GET /conexion/?idUsuario=2 HTTP/1.1" 200 3256
[15/May/2023 10:11:13] "GET /estacion/ HTTP/1.1" 200 779
[15/May/2023 10:11:14] "GET /puesto/?idEstacion=1 HTTP/1.1" 200 1405
[15/May/2023 10:11:17] "GET /conexion/?idUsuario=2 HTTP/1.1" 200 3256
[15/May/2023 10:11:18] "GET /conexion/?idUsuario=2 HTTP/1.1" 200 3256
[15/May/2023 10:11:19] "GET /conexion/?idUsuario=2 HTTP/1.1" 200 3256
[15/May/2023 10:11:21] "GET /conexion/?idUsuario=2 HTTP/1.1" 200 3256
[15/May/2023 10:11:23] "GET /conexion/?idUsuario=2 HTTP/1.1" 200 3256
[15/May/2023 10:11:24] "GET /conexion/?idUsuario=2 HTTP/1.1" 200 3256
[15/May/2023 10:11:27] "GET /conexion/?idUsuario=2 HTTP/1.1" 200 3256
[15/May/2023 10:11:30] "GET / HTTP/1.1" 200 6485
[15/May/2023 10:11:33] "GET /conexion/ HTTP/1.1" 200 33478
[15/May/2023 10:11:41] "GET /conexion/?idUsuario=2 HTTP/1.1" 200 27168
[15/May/2023 10:11:50] "GET /usuario/2/ HTTP/1.1" 200 12398
[15/May/2023 10:12:16] "GET /conexion/?idUsuario=2 HTTP/1.1" 200 3256
Internal Server Error: /conexion/
Traceback (most recent call last):
  File "/home/martinez/proyecto_final/venv/Scootergy/lib/python3.8/site-packages/django/contrib/sessions/backends/base.py", line 187, in _get_session
    return self._session_cache
AttributeError: 'SessionStore' object has no attribute '_session_cache'

During handling of the above exception, another exception occurred:

Traceback (most recent call last):
  File "/home/martinez/proyecto_final/venv/Scootergy/lib/python3.8/site-packages/django/db/backends/utils.py", line 89, in _execute
    return self.cursor.execute(sql, params)
psycopg2.errors.UndefinedTable: relation "django_session" does not exist
LINE 1: ...ession_data", "django_session"."expire_date" FROM "django_se...
                                                             ^


The above exception was the direct cause of the following exception:

Traceback (most recent call last):
  File "/home/martinez/proyecto_final/venv/Scootergy/lib/python3.8/site-packages/django/core/handlers/exception.py", line 56, in inner
    response = get_response(request)
  File "/home/martinez/proyecto_final/venv/Scootergy/lib/python3.8/site-packages/django/core/handlers/base.py", line 197, in _get_response
    response = wrapped_callback(request, *callback_args, **callback_kwargs)
  File "/home/martinez/proyecto_final/venv/Scootergy/lib/python3.8/site-packages/django/views/decorators/csrf.py", line 55, in wrapped_view
    return view_func(*args, **kwargs)
  File "/home/martinez/proyecto_final/venv/Scootergy/lib/python3.8/site-packages/rest_framework/viewsets.py", line 125, in view
    return self.dispatch(request, *args, **kwargs)
  File "/home/martinez/proyecto_final/venv/Scootergy/lib/python3.8/site-packages/rest_framework/views.py", line 509, in dispatch
    response = self.handle_exception(exc)
  File "/home/martinez/proyecto_final/venv/Scootergy/lib/python3.8/site-packages/rest_framework/views.py", line 469, in handle_exception
    self.raise_uncaught_exception(exc)
  File "/home/martinez/proyecto_final/venv/Scootergy/lib/python3.8/site-packages/rest_framework/views.py", line 480, in raise_uncaught_exception
    raise exc
  File "/home/martinez/proyecto_final/venv/Scootergy/lib/python3.8/site-packages/rest_framework/views.py", line 497, in dispatch
    self.initial(request, *args, **kwargs)
  File "/home/martinez/proyecto_final/venv/Scootergy/lib/python3.8/site-packages/rest_framework/views.py", line 414, in initial
    self.perform_authentication(request)
  File "/home/martinez/proyecto_final/venv/Scootergy/lib/python3.8/site-packages/rest_framework/views.py", line 324, in perform_authentication
    request.user
  File "/home/martinez/proyecto_final/venv/Scootergy/lib/python3.8/site-packages/rest_framework/request.py", line 227, in user
    self._authenticate()
  File "/home/martinez/proyecto_final/venv/Scootergy/lib/python3.8/site-packages/rest_framework/request.py", line 380, in _authenticate
    user_auth_tuple = authenticator.authenticate(self)
  File "/home/martinez/proyecto_final/venv/Scootergy/lib/python3.8/site-packages/rest_framework/authentication.py", line 127, in authenticate
    if not user or not user.is_active:
  File "/home/martinez/proyecto_final/venv/Scootergy/lib/python3.8/site-packages/django/utils/functional.py", line 266, in inner
    self._setup()
  File "/home/martinez/proyecto_final/venv/Scootergy/lib/python3.8/site-packages/django/utils/functional.py", line 419, in _setup
    self._wrapped = self._setupfunc()
  File "/home/martinez/proyecto_final/venv/Scootergy/lib/python3.8/site-packages/django/contrib/auth/middleware.py", line 25, in <lambda>
    request.user = SimpleLazyObject(lambda: get_user(request))
  File "/home/martinez/proyecto_final/venv/Scootergy/lib/python3.8/site-packages/django/contrib/auth/middleware.py", line 11, in get_user
    request._cached_user = auth.get_user(request)
  File "/home/martinez/proyecto_final/venv/Scootergy/lib/python3.8/site-packages/django/contrib/auth/__init__.py", line 191, in get_user
    user_id = _get_user_session_key(request)
  File "/home/martinez/proyecto_final/venv/Scootergy/lib/python3.8/site-packages/django/contrib/auth/__init__.py", line 60, in _get_user_session_key
    return get_user_model()._meta.pk.to_python(request.session[SESSION_KEY])
  File "/home/martinez/proyecto_final/venv/Scootergy/lib/python3.8/site-packages/django/contrib/sessions/backends/base.py", line 53, in __getitem__
    return self._session[key]
  File "/home/martinez/proyecto_final/venv/Scootergy/lib/python3.8/site-packages/django/contrib/sessions/backends/base.py", line 192, in _get_session
    self._session_cache = self.load()
  File "/home/martinez/proyecto_final/venv/Scootergy/lib/python3.8/site-packages/django/contrib/sessions/backends/db.py", line 42, in load
    s = self._get_session_from_db()
  File "/home/martinez/proyecto_final/venv/Scootergy/lib/python3.8/site-packages/django/contrib/sessions/backends/db.py", line 32, in _get_session_from_db
    return self.model.objects.get(
  File "/home/martinez/proyecto_final/venv/Scootergy/lib/python3.8/site-packages/django/db/models/manager.py", line 85, in manager_method
    return getattr(self.get_queryset(), name)(*args, **kwargs)
  File "/home/martinez/proyecto_final/venv/Scootergy/lib/python3.8/site-packages/django/db/models/query.py", line 646, in get
    num = len(clone)
  File "/home/martinez/proyecto_final/venv/Scootergy/lib/python3.8/site-packages/django/db/models/query.py", line 376, in __len__
    self._fetch_all()
  File "/home/martinez/proyecto_final/venv/Scootergy/lib/python3.8/site-packages/django/db/models/query.py", line 1867, in _fetch_all
    self._result_cache = list(self._iterable_class(self))
  File "/home/martinez/proyecto_final/venv/Scootergy/lib/python3.8/site-packages/django/db/models/query.py", line 87, in __iter__
    results = compiler.execute_sql(
  File "/home/martinez/proyecto_final/venv/Scootergy/lib/python3.8/site-packages/django/db/models/sql/compiler.py", line 1398, in execute_sql
    cursor.execute(sql, params)
  File "/home/martinez/proyecto_final/venv/Scootergy/lib/python3.8/site-packages/django/db/backends/utils.py", line 102, in execute
    return super().execute(sql, params)
  File "/home/martinez/proyecto_final/venv/Scootergy/lib/python3.8/site-packages/django/db/backends/utils.py", line 67, in execute
    return self._execute_with_wrappers(
  File "/home/martinez/proyecto_final/venv/Scootergy/lib/python3.8/site-packages/django/db/backends/utils.py", line 80, in _execute_with_wrappers
    return executor(sql, params, many, context)
  File "/home/martinez/proyecto_final/venv/Scootergy/lib/python3.8/site-packages/django/db/backends/utils.py", line 89, in _execute
    return self.cursor.execute(sql, params)
  File "/home/martinez/proyecto_final/venv/Scootergy/lib/python3.8/site-packages/django/db/utils.py", line 91, in __exit__
    raise dj_exc_value.with_traceback(traceback) from exc_value
  File "/home/martinez/proyecto_final/venv/Scootergy/lib/python3.8/site-packages/django/db/backends/utils.py", line 89, in _execute
    return self.cursor.execute(sql, params)
django.db.utils.ProgrammingError: relation "django_session" does not exist
LINE 1: ...ession_data", "django_session"."expire_date" FROM "django_se...
                                                             ^

[15/May/2023 10:13:48] "GET /conexion/?idUsuario=2 HTTP/1.1" 500 215906
Internal Server Error: /conexion/
Traceback (most recent call last):
  File "/home/martinez/proyecto_final/venv/Scootergy/lib/python3.8/site-packages/django/contrib/sessions/backends/base.py", line 187, in _get_session
    return self._session_cache
AttributeError: 'SessionStore' object has no attribute '_session_cache'

During handling of the above exception, another exception occurred:

Traceback (most recent call last):
  File "/home/martinez/proyecto_final/venv/Scootergy/lib/python3.8/site-packages/django/db/backends/utils.py", line 89, in _execute
    return self.cursor.execute(sql, params)
psycopg2.errors.UndefinedTable: relation "django_session" does not exist
LINE 1: ...ession_data", "django_session"."expire_date" FROM "django_se...
                                                             ^


The above exception was the direct cause of the following exception:

Traceback (most recent call last):
  File "/home/martinez/proyecto_final/venv/Scootergy/lib/python3.8/site-packages/django/core/handlers/exception.py", line 56, in inner
    response = get_response(request)
  File "/home/martinez/proyecto_final/venv/Scootergy/lib/python3.8/site-packages/django/core/handlers/base.py", line 197, in _get_response
    response = wrapped_callback(request, *callback_args, **callback_kwargs)
  File "/home/martinez/proyecto_final/venv/Scootergy/lib/python3.8/site-packages/django/views/decorators/csrf.py", line 55, in wrapped_view
    return view_func(*args, **kwargs)
  File "/home/martinez/proyecto_final/venv/Scootergy/lib/python3.8/site-packages/rest_framework/viewsets.py", line 125, in view
    return self.dispatch(request, *args, **kwargs)
  File "/home/martinez/proyecto_final/venv/Scootergy/lib/python3.8/site-packages/rest_framework/views.py", line 509, in dispatch
    response = self.handle_exception(exc)
  File "/home/martinez/proyecto_final/venv/Scootergy/lib/python3.8/site-packages/rest_framework/views.py", line 469, in handle_exception
    self.raise_uncaught_exception(exc)
  File "/home/martinez/proyecto_final/venv/Scootergy/lib/python3.8/site-packages/rest_framework/views.py", line 480, in raise_uncaught_exception
    raise exc
  File "/home/martinez/proyecto_final/venv/Scootergy/lib/python3.8/site-packages/rest_framework/views.py", line 497, in dispatch
    self.initial(request, *args, **kwargs)
  File "/home/martinez/proyecto_final/venv/Scootergy/lib/python3.8/site-packages/rest_framework/views.py", line 414, in initial
    self.perform_authentication(request)
  File "/home/martinez/proyecto_final/venv/Scootergy/lib/python3.8/site-packages/rest_framework/views.py", line 324, in perform_authentication
    request.user
  File "/home/martinez/proyecto_final/venv/Scootergy/lib/python3.8/site-packages/rest_framework/request.py", line 227, in user
    self._authenticate()
  File "/home/martinez/proyecto_final/venv/Scootergy/lib/python3.8/site-packages/rest_framework/request.py", line 380, in _authenticate
    user_auth_tuple = authenticator.authenticate(self)
  File "/home/martinez/proyecto_final/venv/Scootergy/lib/python3.8/site-packages/rest_framework/authentication.py", line 127, in authenticate
    if not user or not user.is_active:
  File "/home/martinez/proyecto_final/venv/Scootergy/lib/python3.8/site-packages/django/utils/functional.py", line 266, in inner
    self._setup()
  File "/home/martinez/proyecto_final/venv/Scootergy/lib/python3.8/site-packages/django/utils/functional.py", line 419, in _setup
    self._wrapped = self._setupfunc()
  File "/home/martinez/proyecto_final/venv/Scootergy/lib/python3.8/site-packages/django/contrib/auth/middleware.py", line 25, in <lambda>
    request.user = SimpleLazyObject(lambda: get_user(request))
  File "/home/martinez/proyecto_final/venv/Scootergy/lib/python3.8/site-packages/django/contrib/auth/middleware.py", line 11, in get_user
    request._cached_user = auth.get_user(request)
  File "/home/martinez/proyecto_final/venv/Scootergy/lib/python3.8/site-packages/django/contrib/auth/__init__.py", line 191, in get_user
    user_id = _get_user_session_key(request)
  File "/home/martinez/proyecto_final/venv/Scootergy/lib/python3.8/site-packages/django/contrib/auth/__init__.py", line 60, in _get_user_session_key
    return get_user_model()._meta.pk.to_python(request.session[SESSION_KEY])
  File "/home/martinez/proyecto_final/venv/Scootergy/lib/python3.8/site-packages/django/contrib/sessions/backends/base.py", line 53, in __getitem__
    return self._session[key]
  File "/home/martinez/proyecto_final/venv/Scootergy/lib/python3.8/site-packages/django/contrib/sessions/backends/base.py", line 192, in _get_session
    self._session_cache = self.load()
  File "/home/martinez/proyecto_final/venv/Scootergy/lib/python3.8/site-packages/django/contrib/sessions/backends/db.py", line 42, in load
    s = self._get_session_from_db()
  File "/home/martinez/proyecto_final/venv/Scootergy/lib/python3.8/site-packages/django/contrib/sessions/backends/db.py", line 32, in _get_session_from_db
    return self.model.objects.get(
  File "/home/martinez/proyecto_final/venv/Scootergy/lib/python3.8/site-packages/django/db/models/manager.py", line 85, in manager_method
    return getattr(self.get_queryset(), name)(*args, **kwargs)
  File "/home/martinez/proyecto_final/venv/Scootergy/lib/python3.8/site-packages/django/db/models/query.py", line 646, in get
    num = len(clone)
  File "/home/martinez/proyecto_final/venv/Scootergy/lib/python3.8/site-packages/django/db/models/query.py", line 376, in __len__
    self._fetch_all()
  File "/home/martinez/proyecto_final/venv/Scootergy/lib/python3.8/site-packages/django/db/models/query.py", line 1867, in _fetch_all
    self._result_cache = list(self._iterable_class(self))
  File "/home/martinez/proyecto_final/venv/Scootergy/lib/python3.8/site-packages/django/db/models/query.py", line 87, in __iter__
    results = compiler.execute_sql(
  File "/home/martinez/proyecto_final/venv/Scootergy/lib/python3.8/site-packages/django/db/models/sql/compiler.py", line 1398, in execute_sql
    cursor.execute(sql, params)
  File "/home/martinez/proyecto_final/venv/Scootergy/lib/python3.8/site-packages/django/db/backends/utils.py", line 102, in execute
    return super().execute(sql, params)
  File "/home/martinez/proyecto_final/venv/Scootergy/lib/python3.8/site-packages/django/db/backends/utils.py", line 67, in execute
    return self._execute_with_wrappers(
  File "/home/martinez/proyecto_final/venv/Scootergy/lib/python3.8/site-packages/django/db/backends/utils.py", line 80, in _execute_with_wrappers
    return executor(sql, params, many, context)
  File "/home/martinez/proyecto_final/venv/Scootergy/lib/python3.8/site-packages/django/db/backends/utils.py", line 89, in _execute
    return self.cursor.execute(sql, params)
  File "/home/martinez/proyecto_final/venv/Scootergy/lib/python3.8/site-packages/django/db/utils.py", line 91, in __exit__
    raise dj_exc_value.with_traceback(traceback) from exc_value
  File "/home/martinez/proyecto_final/venv/Scootergy/lib/python3.8/site-packages/django/db/backends/utils.py", line 89, in _execute
    return self.cursor.execute(sql, params)
django.db.utils.ProgrammingError: relation "django_session" does not exist
LINE 1: ...ession_data", "django_session"."expire_date" FROM "django_se...
                                                             ^

[15/May/2023 10:13:52] "GET /conexion/ HTTP/1.1" 500 215257
Internal Server Error: /
Traceback (most recent call last):
  File "/home/martinez/proyecto_final/venv/Scootergy/lib/python3.8/site-packages/django/contrib/sessions/backends/base.py", line 187, in _get_session
    return self._session_cache
AttributeError: 'SessionStore' object has no attribute '_session_cache'

During handling of the above exception, another exception occurred:

Traceback (most recent call last):
  File "/home/martinez/proyecto_final/venv/Scootergy/lib/python3.8/site-packages/django/db/backends/utils.py", line 89, in _execute
    return self.cursor.execute(sql, params)
psycopg2.errors.UndefinedTable: relation "django_session" does not exist
LINE 1: ...ession_data", "django_session"."expire_date" FROM "django_se...
                                                             ^


The above exception was the direct cause of the following exception:

Traceback (most recent call last):
  File "/home/martinez/proyecto_final/venv/Scootergy/lib/python3.8/site-packages/django/core/handlers/exception.py", line 56, in inner
    response = get_response(request)
  File "/home/martinez/proyecto_final/venv/Scootergy/lib/python3.8/site-packages/django/core/handlers/base.py", line 197, in _get_response
    response = wrapped_callback(request, *callback_args, **callback_kwargs)
  File "/home/martinez/proyecto_final/venv/Scootergy/lib/python3.8/site-packages/django/views/decorators/csrf.py", line 55, in wrapped_view
    return view_func(*args, **kwargs)
  File "/home/martinez/proyecto_final/venv/Scootergy/lib/python3.8/site-packages/django/views/generic/base.py", line 103, in view
    return self.dispatch(request, *args, **kwargs)
  File "/home/martinez/proyecto_final/venv/Scootergy/lib/python3.8/site-packages/rest_framework/views.py", line 509, in dispatch
    response = self.handle_exception(exc)
  File "/home/martinez/proyecto_final/venv/Scootergy/lib/python3.8/site-packages/rest_framework/views.py", line 469, in handle_exception
    self.raise_uncaught_exception(exc)
  File "/home/martinez/proyecto_final/venv/Scootergy/lib/python3.8/site-packages/rest_framework/views.py", line 480, in raise_uncaught_exception
    raise exc
  File "/home/martinez/proyecto_final/venv/Scootergy/lib/python3.8/site-packages/rest_framework/views.py", line 497, in dispatch
    self.initial(request, *args, **kwargs)
  File "/home/martinez/proyecto_final/venv/Scootergy/lib/python3.8/site-packages/rest_framework/views.py", line 414, in initial
    self.perform_authentication(request)
  File "/home/martinez/proyecto_final/venv/Scootergy/lib/python3.8/site-packages/rest_framework/views.py", line 324, in perform_authentication
    request.user
  File "/home/martinez/proyecto_final/venv/Scootergy/lib/python3.8/site-packages/rest_framework/request.py", line 227, in user
    self._authenticate()
  File "/home/martinez/proyecto_final/venv/Scootergy/lib/python3.8/site-packages/rest_framework/request.py", line 380, in _authenticate
    user_auth_tuple = authenticator.authenticate(self)
  File "/home/martinez/proyecto_final/venv/Scootergy/lib/python3.8/site-packages/rest_framework/authentication.py", line 127, in authenticate
    if not user or not user.is_active:
  File "/home/martinez/proyecto_final/venv/Scootergy/lib/python3.8/site-packages/django/utils/functional.py", line 266, in inner
    self._setup()
  File "/home/martinez/proyecto_final/venv/Scootergy/lib/python3.8/site-packages/django/utils/functional.py", line 419, in _setup
    self._wrapped = self._setupfunc()
  File "/home/martinez/proyecto_final/venv/Scootergy/lib/python3.8/site-packages/django/contrib/auth/middleware.py", line 25, in <lambda>
    request.user = SimpleLazyObject(lambda: get_user(request))
  File "/home/martinez/proyecto_final/venv/Scootergy/lib/python3.8/site-packages/django/contrib/auth/middleware.py", line 11, in get_user
    request._cached_user = auth.get_user(request)
  File "/home/martinez/proyecto_final/venv/Scootergy/lib/python3.8/site-packages/django/contrib/auth/__init__.py", line 191, in get_user
    user_id = _get_user_session_key(request)
  File "/home/martinez/proyecto_final/venv/Scootergy/lib/python3.8/site-packages/django/contrib/auth/__init__.py", line 60, in _get_user_session_key
    return get_user_model()._meta.pk.to_python(request.session[SESSION_KEY])
  File "/home/martinez/proyecto_final/venv/Scootergy/lib/python3.8/site-packages/django/contrib/sessions/backends/base.py", line 53, in __getitem__
    return self._session[key]
  File "/home/martinez/proyecto_final/venv/Scootergy/lib/python3.8/site-packages/django/contrib/sessions/backends/base.py", line 192, in _get_session
    self._session_cache = self.load()
  File "/home/martinez/proyecto_final/venv/Scootergy/lib/python3.8/site-packages/django/contrib/sessions/backends/db.py", line 42, in load
    s = self._get_session_from_db()
  File "/home/martinez/proyecto_final/venv/Scootergy/lib/python3.8/site-packages/django/contrib/sessions/backends/db.py", line 32, in _get_session_from_db
    return self.model.objects.get(
  File "/home/martinez/proyecto_final/venv/Scootergy/lib/python3.8/site-packages/django/db/models/manager.py", line 85, in manager_method
    return getattr(self.get_queryset(), name)(*args, **kwargs)
  File "/home/martinez/proyecto_final/venv/Scootergy/lib/python3.8/site-packages/django/db/models/query.py", line 646, in get
    num = len(clone)
  File "/home/martinez/proyecto_final/venv/Scootergy/lib/python3.8/site-packages/django/db/models/query.py", line 376, in __len__
    self._fetch_all()
  File "/home/martinez/proyecto_final/venv/Scootergy/lib/python3.8/site-packages/django/db/models/query.py", line 1867, in _fetch_all
    self._result_cache = list(self._iterable_class(self))
  File "/home/martinez/proyecto_final/venv/Scootergy/lib/python3.8/site-packages/django/db/models/query.py", line 87, in __iter__
    results = compiler.execute_sql(
  File "/home/martinez/proyecto_final/venv/Scootergy/lib/python3.8/site-packages/django/db/models/sql/compiler.py", line 1398, in execute_sql
    cursor.execute(sql, params)
  File "/home/martinez/proyecto_final/venv/Scootergy/lib/python3.8/site-packages/django/db/backends/utils.py", line 102, in execute
    return super().execute(sql, params)
  File "/home/martinez/proyecto_final/venv/Scootergy/lib/python3.8/site-packages/django/db/backends/utils.py", line 67, in execute
    return self._execute_with_wrappers(
  File "/home/martinez/proyecto_final/venv/Scootergy/lib/python3.8/site-packages/django/db/backends/utils.py", line 80, in _execute_with_wrappers
    return executor(sql, params, many, context)
  File "/home/martinez/proyecto_final/venv/Scootergy/lib/python3.8/site-packages/django/db/backends/utils.py", line 89, in _execute
    return self.cursor.execute(sql, params)
  File "/home/martinez/proyecto_final/venv/Scootergy/lib/python3.8/site-packages/django/db/utils.py", line 91, in __exit__
    raise dj_exc_value.with_traceback(traceback) from exc_value
  File "/home/martinez/proyecto_final/venv/Scootergy/lib/python3.8/site-packages/django/db/backends/utils.py", line 89, in _execute
    return self.cursor.execute(sql, params)
django.db.utils.ProgrammingError: relation "django_session" does not exist
LINE 1: ...ession_data", "django_session"."expire_date" FROM "django_se...
                                                             ^

[15/May/2023 10:13:55] "GET / HTTP/1.1" 500 215159
Forbidden: /
[15/May/2023 10:14:32] "GET / HTTP/1.1" 403 4956
Forbidden: /
[15/May/2023 10:14:57] "GET / HTTP/1.1" 403 4956
[15/May/2023 10:14:58] "GET /api-auth/login/?next=/ HTTP/1.1" 200 2713
[15/May/2023 10:14:59] "POST /api-auth/login/ HTTP/1.1" 302 0
[15/May/2023 10:14:59] "GET / HTTP/1.1" 200 6485
[15/May/2023 10:15:01] "GET /usuario/ HTTP/1.1" 200 10751
[15/May/2023 10:15:02] "GET /estacion/ HTTP/1.1" 200 16738
[15/May/2023 10:15:05] "GET /estacion/ HTTP/1.1" 200 16738
[15/May/2023 10:17:22] "POST /estacion/ HTTP/1.1" 201 15614
[15/May/2023 10:17:24] "GET /estacion/ HTTP/1.1" 200 17190
[15/May/2023 10:17:28] "GET /puesto/ HTTP/1.1" 200 27916
[15/May/2023 10:17:28] "GET /static/rest_framework/fonts/glyphicons-halflings-regular.woff2 HTTP/1.1" 200 18028
[15/May/2023 10:19:16] "POST /puesto/ HTTP/1.1" 201 10121
[15/May/2023 10:19:17] "POST /puesto/ HTTP/1.1" 201 10121
[15/May/2023 10:19:18] "POST /puesto/ HTTP/1.1" 201 10121
[15/May/2023 10:19:18] "POST /puesto/ HTTP/1.1" 201 10121
[15/May/2023 10:19:19] "POST /puesto/ HTTP/1.1" 201 10121
[15/May/2023 10:19:19] "POST /puesto/ HTTP/1.1" 201 10121
[15/May/2023 10:19:20] "POST /puesto/ HTTP/1.1" 201 10121
[15/May/2023 10:19:21] "POST /puesto/ HTTP/1.1" 201 10121
[15/May/2023 10:19:21] "POST /puesto/ HTTP/1.1" 201 10121
[15/May/2023 10:19:22] "POST /puesto/ HTTP/1.1" 201 10121
[15/May/2023 10:19:22] "POST /puesto/ HTTP/1.1" 201 10121
[15/May/2023 10:19:23] "POST /puesto/ HTTP/1.1" 201 10121
[15/May/2023 10:28:31] "OPTIONS /registro/ HTTP/1.1" 200 0
[15/May/2023 10:28:31] "POST /registro/ HTTP/1.1" 201 547
[15/May/2023 10:28:31] "POST /api-user-login/ HTTP/1.1" 200 79
[15/May/2023 10:28:31] "GET /patinete/?idUsuario=2 HTTP/1.1" 200 2
[15/May/2023 10:28:31] "GET /conexion/?idUsuario=2 HTTP/1.1" 200 2
[15/May/2023 10:28:31] "GET /usuario/2/ HTTP/1.1" 200 263
[15/May/2023 10:28:36] "GET /usuario/2/ HTTP/1.1" 200 263
[15/May/2023 10:28:36] "GET /usuario/2/ HTTP/1.1" 200 263
[15/May/2023 10:28:52] "OPTIONS /patinete/ HTTP/1.1" 200 0
[15/May/2023 10:28:52] "GET /patinete/?idUsuario=2 HTTP/1.1" 200 2
[15/May/2023 10:28:52] "POST /patinete/ HTTP/1.1" 201 150
[15/May/2023 10:28:52] "GET /conexion/?idUsuario=2 HTTP/1.1" 200 2
[15/May/2023 10:28:52] "GET /usuario/2/ HTTP/1.1" 200 263
[15/May/2023 10:28:52] "GET /patinete/?idUsuario=2 HTTP/1.1" 200 152
[15/May/2023 10:28:52] "GET /estacion/ HTTP/1.1" 200 813
[15/May/2023 10:28:55] "GET /puesto/?idEstacion=1 HTTP/1.1" 200 1399
[15/May/2023 10:28:56] "OPTIONS /puesto/?idEstacion=5 HTTP/1.1" 200 0
[15/May/2023 10:28:56] "GET /puesto/?idEstacion=5 HTTP/1.1" 200 1417
[15/May/2023 10:29:03] "OPTIONS /puesto/?idEstacion=4 HTTP/1.1" 200 0
[15/May/2023 10:29:03] "GET /puesto/?idEstacion=4 HTTP/1.1" 200 1417
[15/May/2023 10:29:08] "OPTIONS /puesto/?idEstacion=3 HTTP/1.1" 200 0
[15/May/2023 10:29:08] "GET /puesto/?idEstacion=3 HTTP/1.1" 200 1417
[15/May/2023 10:29:09] "OPTIONS /puesto/?idEstacion=2 HTTP/1.1" 200 0
[15/May/2023 10:29:09] "GET /puesto/?idEstacion=2 HTTP/1.1" 200 1417
[15/May/2023 10:29:10] "GET /puesto/?idEstacion=1 HTTP/1.1" 200 1399
[15/May/2023 10:29:12] "GET /puesto/?idEstacion=5 HTTP/1.1" 200 1417
[15/May/2023 10:29:13] "GET /puesto/?idEstacion=1 HTTP/1.1" 200 1399
[15/May/2023 10:30:30] "GET /patinete/?idUsuario=2 HTTP/1.1" 200 152
[15/May/2023 10:30:30] "GET /conexion/?idUsuario=2 HTTP/1.1" 200 2
[15/May/2023 10:30:30] "GET /usuario/2/ HTTP/1.1" 200 263
[15/May/2023 10:30:30] "GET /estacion/ HTTP/1.1" 200 813
[15/May/2023 10:31:46] "GET /puesto/?idEstacion=1 HTTP/1.1" 200 1399
[15/May/2023 10:31:50] "GET /puesto/?idEstacion=2 HTTP/1.1" 200 1417
[15/May/2023 10:31:51] "GET /puesto/?idEstacion=3 HTTP/1.1" 200 1417
[15/May/2023 10:31:53] "GET /puesto/?idEstacion=4 HTTP/1.1" 200 1417
[15/May/2023 10:31:54] "GET /puesto/?idEstacion=5 HTTP/1.1" 200 1417
[15/May/2023 10:31:58] "GET /conexion/?idUsuario=2 HTTP/1.1" 200 2
[15/May/2023 10:31:58] "GET /usuario/2/ HTTP/1.1" 200 263
[15/May/2023 10:31:58] "GET /patinete/?idUsuario=2 HTTP/1.1" 200 152
[15/May/2023 10:31:58] "GET /estacion/ HTTP/1.1" 200 813
[15/May/2023 10:32:02] "GET /puesto/?idEstacion=1 HTTP/1.1" 200 1399
[15/May/2023 10:32:09] "GET /puesto/?idEstacion=2 HTTP/1.1" 200 1417
[15/May/2023 10:32:10] "GET /puesto/?idEstacion=3 HTTP/1.1" 200 1417
[15/May/2023 10:32:11] "GET /puesto/?idEstacion=4 HTTP/1.1" 200 1417
[15/May/2023 10:32:12] "GET /puesto/?idEstacion=5 HTTP/1.1" 200 1417
[15/May/2023 10:32:14] "GET /usuario/2/ HTTP/1.1" 200 263
[15/May/2023 10:32:14] "GET /conexion/?idUsuario=2 HTTP/1.1" 200 2
[15/May/2023 10:32:14] "GET /patinete/?idUsuario=2 HTTP/1.1" 200 152
[15/May/2023 10:32:14] "GET /estacion/ HTTP/1.1" 200 813
[15/May/2023 10:32:16] "GET /puesto/?idEstacion=1 HTTP/1.1" 200 1399
[15/May/2023 10:32:17] "GET /puesto/?idEstacion=2 HTTP/1.1" 200 1417
[15/May/2023 10:32:18] "GET /puesto/?idEstacion=3 HTTP/1.1" 200 1417
[15/May/2023 10:32:19] "GET /puesto/?idEstacion=5 HTTP/1.1" 200 1417
[15/May/2023 10:32:20] "GET /puesto/?idEstacion=4 HTTP/1.1" 200 1417
[15/May/2023 10:32:21] "GET /puesto/?idEstacion=2 HTTP/1.1" 200 1417
[15/May/2023 10:32:22] "GET /puesto/?idEstacion=1 HTTP/1.1" 200 1399
[15/May/2023 10:32:23] "GET /puesto/?idEstacion=3 HTTP/1.1" 200 1417
[15/May/2023 10:32:24] "GET /puesto/?idEstacion=4 HTTP/1.1" 200 1417
[15/May/2023 10:32:26] "GET /puesto/?idEstacion=1 HTTP/1.1" 200 1399
[15/May/2023 10:32:28] "GET /puesto/?idEstacion=4 HTTP/1.1" 200 1417
[15/May/2023 10:32:44] "GET /puesto/?idEstacion=2 HTTP/1.1" 200 1417
[15/May/2023 10:32:45] "GET /conexion/?idUsuario=2 HTTP/1.1" 200 2
[15/May/2023 10:32:47] "OPTIONS /conexion/ HTTP/1.1" 200 0
[15/May/2023 10:32:47] "POST /conexion/ HTTP/1.1" 201 355
[15/May/2023 10:32:47] "OPTIONS /puesto/13/ HTTP/1.1" 200 0
[15/May/2023 10:32:47] "GET /conexion/?idUsuario=2 HTTP/1.1" 200 357
[15/May/2023 10:32:47] "PUT /puesto/13/ HTTP/1.1" 200 118
[15/May/2023 10:32:56] "GET /conexion/?idUsuario=2 HTTP/1.1" 200 357
[15/May/2023 10:33:21] "GET /usuario/2/ HTTP/1.1" 200 263
[15/May/2023 10:33:21] "GET /conexion/?idUsuario=2 HTTP/1.1" 200 357
[15/May/2023 10:33:21] "GET /patinete/?idUsuario=2 HTTP/1.1" 200 152
[15/May/2023 10:33:21] "GET /estacion/ HTTP/1.1" 200 813
[15/May/2023 10:33:23] "GET /puesto/?idEstacion=2 HTTP/1.1" 200 1418
[15/May/2023 10:33:25] "GET /puesto/?idEstacion=5 HTTP/1.1" 200 1417
[15/May/2023 10:33:26] "GET /puesto/?idEstacion=1 HTTP/1.1" 200 1399
[15/May/2023 10:33:27] "GET /puesto/?idEstacion=4 HTTP/1.1" 200 1417
[15/May/2023 10:33:28] "GET /puesto/?idEstacion=3 HTTP/1.1" 200 1417
[15/May/2023 10:33:30] "GET /puesto/?idEstacion=1 HTTP/1.1" 200 1399
[15/May/2023 10:34:45] "GET /puesto/?idEstacion=2 HTTP/1.1" 200 1418
[15/May/2023 10:34:48] "GET /conexion/?idUsuario=2 HTTP/1.1" 200 357
[15/May/2023 10:35:19] "GET /patinete/?idUsuario=2 HTTP/1.1" 200 152
[15/May/2023 10:35:19] "GET /conexion/?idUsuario=2 HTTP/1.1" 200 357
[15/May/2023 10:35:19] "GET /usuario/2/ HTTP/1.1" 200 263
[15/May/2023 10:35:19] "GET /estacion/ HTTP/1.1" 200 813
[15/May/2023 10:35:21] "GET /puesto/?idEstacion=1 HTTP/1.1" 200 1399
[15/May/2023 10:35:24] "GET /puesto/?idEstacion=2 HTTP/1.1" 200 1418
[15/May/2023 10:35:26] "GET /conexion/?idUsuario=2 HTTP/1.1" 200 357
[15/May/2023 10:35:29] "GET /conexion/?idUsuario=2 HTTP/1.1" 200 357
[15/May/2023 10:35:32] "GET /conexion/?idUsuario=2 HTTP/1.1" 200 357
[15/May/2023 10:35:34] "GET /conexion/?idUsuario=2 HTTP/1.1" 200 357
[15/May/2023 10:35:38] "GET /conexion/?idUsuario=2 HTTP/1.1" 200 357
[15/May/2023 13:07:48] "GET /conexion/?idUsuario=2 HTTP/1.1" 200 357
[15/May/2023 13:07:48] "GET /patinete/?idUsuario=2 HTTP/1.1" 200 152
[15/May/2023 13:07:48] "GET /usuario/2/ HTTP/1.1" 200 263
[15/May/2023 13:07:48] "GET /estacion/ HTTP/1.1" 200 813
[15/May/2023 13:07:52] "GET /patinete/?idUsuario=2 HTTP/1.1" 200 152
[15/May/2023 13:07:52] "GET /conexion/?idUsuario=2 HTTP/1.1" 200 357
[15/May/2023 13:07:52] "GET /usuario/2/ HTTP/1.1" 200 263
[15/May/2023 13:07:52] "GET /estacion/ HTTP/1.1" 200 813
[15/May/2023 13:07:53] "GET /puesto/?idEstacion=1 HTTP/1.1" 200 1399
[15/May/2023 13:07:55] "GET /conexion/?idUsuario=2 HTTP/1.1" 200 357
[15/May/2023 13:07:57] "GET /conexion/?idUsuario=2 HTTP/1.1" 200 357
[15/May/2023 13:08:03] "GET /puesto/?idEstacion=2 HTTP/1.1" 200 1418
[15/May/2023 13:08:08] "GET /conexion/?idUsuario=2 HTTP/1.1" 200 357
[15/May/2023 13:08:10] "GET /conexion/?idUsuario=2 HTTP/1.1" 200 357
[15/May/2023 13:08:13] "GET /conexion/?idUsuario=2 HTTP/1.1" 200 357
[15/May/2023 13:08:13] "GET /patinete/?idUsuario=2 HTTP/1.1" 200 152
[15/May/2023 13:08:13] "GET /usuario/2/ HTTP/1.1" 200 263
[15/May/2023 13:08:13] "GET /estacion/ HTTP/1.1" 200 813
[15/May/2023 13:08:30] "GET /puesto/?idEstacion=1 HTTP/1.1" 200 1399
[15/May/2023 13:08:32] "GET /conexion/?idUsuario=2 HTTP/1.1" 200 357
[15/May/2023 13:08:35] "GET /conexion/?idUsuario=2 HTTP/1.1" 200 357
[15/May/2023 13:08:37] "GET /puesto/?idEstacion=5 HTTP/1.1" 200 1417
[15/May/2023 13:08:39] "GET /puesto/?idEstacion=1 HTTP/1.1" 200 1399
[15/May/2023 13:08:45] "GET /puesto/?idEstacion=3 HTTP/1.1" 200 1417
[15/May/2023 13:08:48] "GET /puesto/?idEstacion=4 HTTP/1.1" 200 1417
[15/May/2023 13:08:50] "GET /puesto/?idEstacion=5 HTTP/1.1" 200 1417
[15/May/2023 13:08:52] "GET /puesto/?idEstacion=1 HTTP/1.1" 200 1399
[15/May/2023 13:08:56] "GET /puesto/?idEstacion=2 HTTP/1.1" 200 1418
[15/May/2023 13:08:58] "GET /conexion/?idUsuario=2 HTTP/1.1" 200 357
[15/May/2023 13:11:04] "GET /conexion/?idUsuario=2 HTTP/1.1" 200 357
[15/May/2023 13:11:08] "GET /conexion/?idUsuario=2 HTTP/1.1" 200 357
[15/May/2023 13:11:09] "GET /conexion/?idUsuario=2 HTTP/1.1" 200 357
[15/May/2023 13:12:01] "GET /patinete/?idUsuario=2 HTTP/1.1" 200 152
[15/May/2023 13:12:01] "GET /usuario/2/ HTTP/1.1" 200 263
[15/May/2023 13:12:01] "GET /conexion/?idUsuario=2 HTTP/1.1" 200 357
[15/May/2023 13:12:01] "GET /estacion/ HTTP/1.1" 200 813
[15/May/2023 13:13:04] "GET /puesto/?idEstacion=1 HTTP/1.1" 200 1399
[15/May/2023 13:13:06] "GET /conexion/?idUsuario=2 HTTP/1.1" 200 357
[15/May/2023 13:13:08] "GET /conexion/?idUsuario=2 HTTP/1.1" 200 357
[15/May/2023 13:13:34] "GET /conexion/?idUsuario=2 HTTP/1.1" 200 357
[15/May/2023 13:13:34] "GET /patinete/?idUsuario=2 HTTP/1.1" 200 152
[15/May/2023 13:13:34] "GET /usuario/2/ HTTP/1.1" 200 263
[15/May/2023 13:13:34] "GET /estacion/ HTTP/1.1" 200 813
[15/May/2023 13:13:36] "GET /puesto/?idEstacion=1 HTTP/1.1" 200 1399
[15/May/2023 13:13:39] "GET /conexion/?idUsuario=2 HTTP/1.1" 200 357
[15/May/2023 13:13:41] "GET /puesto/?idEstacion=2 HTTP/1.1" 200 1418
[15/May/2023 13:13:44] "GET /conexion/?idUsuario=2 HTTP/1.1" 200 357
[15/May/2023 13:13:45] "GET /conexion/?idUsuario=2 HTTP/1.1" 200 357
[15/May/2023 13:14:09] "GET /usuario/2/ HTTP/1.1" 200 263
[15/May/2023 13:14:09] "GET /patinete/?idUsuario=2 HTTP/1.1" 200 152
[15/May/2023 13:14:09] "GET /conexion/?idUsuario=2 HTTP/1.1" 200 357
[15/May/2023 13:14:09] "GET /estacion/ HTTP/1.1" 200 813
[15/May/2023 13:14:10] "GET /puesto/?idEstacion=2 HTTP/1.1" 200 1418
[15/May/2023 13:14:13] "GET /conexion/?idUsuario=2 HTTP/1.1" 200 357
[15/May/2023 13:14:14] "GET /conexion/?idUsuario=2 HTTP/1.1" 200 357
[15/May/2023 13:14:16] "GET /conexion/?idUsuario=2 HTTP/1.1" 200 357
[15/May/2023 13:14:17] "GET /conexion/?idUsuario=2 HTTP/1.1" 200 357
[15/May/2023 13:14:18] "GET /conexion/?idUsuario=2 HTTP/1.1" 200 357
[15/May/2023 13:14:19] "GET /conexion/?idUsuario=2 HTTP/1.1" 200 357
[15/May/2023 13:14:25] "GET /conexion/?idUsuario=2 HTTP/1.1" 200 357
[15/May/2023 13:14:25] "GET /usuario/2/ HTTP/1.1" 200 263
[15/May/2023 13:14:25] "GET /patinete/?idUsuario=2 HTTP/1.1" 200 152
[15/May/2023 13:14:25] "GET /estacion/ HTTP/1.1" 200 813
[15/May/2023 13:15:41] "GET /patinete/?idUsuario=2 HTTP/1.1" 200 152
[15/May/2023 13:15:41] "GET /usuario/2/ HTTP/1.1" 200 263
[15/May/2023 13:15:41] "GET /conexion/?idUsuario=2 HTTP/1.1" 200 357
[15/May/2023 13:15:41] "GET /estacion/ HTTP/1.1" 200 813
[15/May/2023 13:15:45] "GET /puesto/?idEstacion=1 HTTP/1.1" 200 1399
[15/May/2023 13:15:47] "GET /conexion/?idUsuario=2 HTTP/1.1" 200 357
[15/May/2023 13:15:48] "GET /puesto/?idEstacion=2 HTTP/1.1" 200 1418
[15/May/2023 13:15:50] "GET /conexion/?idUsuario=2 HTTP/1.1" 200 357
[15/May/2023 13:15:51] "GET /conexion/?idUsuario=2 HTTP/1.1" 200 357
[15/May/2023 13:15:53] "GET /conexion/?idUsuario=2 HTTP/1.1" 200 357
[15/May/2023 13:15:54] "GET /conexion/?idUsuario=2 HTTP/1.1" 200 357
[15/May/2023 13:15:57] "GET /conexion/?idUsuario=2 HTTP/1.1" 200 357
[15/May/2023 13:15:59] "POST /conexion/ HTTP/1.1" 201 355
[15/May/2023 13:15:59] "OPTIONS /puesto/14/ HTTP/1.1" 200 0
[15/May/2023 13:15:59] "GET /conexion/?idUsuario=2 HTTP/1.1" 200 713
[15/May/2023 13:15:59] "PUT /puesto/14/ HTTP/1.1" 200 118
[15/May/2023 13:16:03] "GET /conexion/?idUsuario=2 HTTP/1.1" 200 713
[15/May/2023 13:16:06] "GET /conexion/?idUsuario=2 HTTP/1.1" 200 713
[15/May/2023 13:16:07] "GET /conexion/?idUsuario=2 HTTP/1.1" 200 713
[15/May/2023 13:16:08] "GET /conexion/?idUsuario=2 HTTP/1.1" 200 713
[15/May/2023 13:16:11] "GET /conexion/?idUsuario=2 HTTP/1.1" 200 713
[15/May/2023 13:16:13] "GET /conexion/?idUsuario=2 HTTP/1.1" 200 713
[15/May/2023 13:16:15] "GET /conexion/?idUsuario=2 HTTP/1.1" 200 713
[15/May/2023 13:16:16] "GET /conexion/?idUsuario=2 HTTP/1.1" 200 713
[15/May/2023 13:22:05] "GET /patinete/?idUsuario=2 HTTP/1.1" 200 152
[15/May/2023 13:22:05] "GET /usuario/2/ HTTP/1.1" 200 263
[15/May/2023 13:22:05] "GET /conexion/?idUsuario=2 HTTP/1.1" 200 713
[15/May/2023 13:22:05] "GET /estacion/ HTTP/1.1" 200 813
[15/May/2023 13:22:07] "GET /puesto/?idEstacion=2 HTTP/1.1" 200 1419
[15/May/2023 13:22:11] "GET /conexion/?idUsuario=2 HTTP/1.1" 200 713
[15/May/2023 13:22:19] "GET /conexion/?idUsuario=2 HTTP/1.1" 200 713
[15/May/2023 13:22:21] "GET /conexion/?idUsuario=2 HTTP/1.1" 200 713
[15/May/2023 13:22:23] "GET /conexion/?idUsuario=2 HTTP/1.1" 200 713
[15/May/2023 13:22:24] "GET /conexion/?idUsuario=2 HTTP/1.1" 200 713
[15/May/2023 13:22:25] "GET /conexion/?idUsuario=2 HTTP/1.1" 200 713
[15/May/2023 13:22:29] "GET /conexion/?idUsuario=2 HTTP/1.1" 200 713
[15/May/2023 13:22:30] "GET /conexion/?idUsuario=2 HTTP/1.1" 200 713
[15/May/2023 13:22:31] "GET /conexion/?idUsuario=2 HTTP/1.1" 200 713
[15/May/2023 13:22:32] "GET /conexion/?idUsuario=2 HTTP/1.1" 200 713
[15/May/2023 13:22:33] "GET /conexion/?idUsuario=2 HTTP/1.1" 200 713
[15/May/2023 13:23:02] "GET /conexion/?idUsuario=2 HTTP/1.1" 200 713
[15/May/2023 13:23:02] "OPTIONS /crear-pago/ HTTP/1.1" 200 0
[15/May/2023 13:23:05] "POST /crear-pago/ HTTP/1.1" 200 113
[15/May/2023 13:23:11] "GET /puesto/?idEstacion=3 HTTP/1.1" 200 1417
[15/May/2023 13:23:20] "GET /puesto/?idEstacion=2 HTTP/1.1" 200 1419
[15/May/2023 13:23:24] "GET /conexion/?idUsuario=2 HTTP/1.1" 200 740
